[36m[[[ansible-1]]][0m
[31mFAILED...[0m
Time :  162.98 seconds

PASSED :  0 / 1
[36m[[[fastapi-1]]][0m
/home/wonseok/BugsInPy/benchmark/fastapi-1/tests/test_jsonable_encoder.py not exists
[31mFAILED...[0m
Time :  0.0 seconds

[36m[[[fastapi-7]]][0m
[31mFAILED...[0m
Time :  6.3 seconds

[36m[[[fastapi-11]]][0m
[31mFAILED...[0m
Time :  36.1 seconds

PASSED :  0 / 3
[36m[[[keras-4]]][0m
[[[ Node ]]]
@interfaces.legacy_get_updates_support
def get_updates(self, loss, params):
    if isinstance(params, list):
        return params
    grads = self.optimizer.compute_gradients(loss, params)
    self.updates = [K.update_add(self.iterations, 1)]
    opt_update = self.optimizer.apply_gradients(grads, global_step=self.iterations)
    self.updates.append(opt_update)
    return self.updates
[32mPASSED![0m
Time :  54.5 seconds

[36m[[[keras-21]]][0m
/home/wonseok/BugsInPy/benchmark/keras-21/tests/keras/test_callbacks.py not exists
[31mFAILED...[0m
Time :  0.02 seconds

[36m[[[keras-22]]][0m
Timeout!
Time :  3600.01 seconds

[36m[[[keras-34]]][0m
[31mFAILED...[0m
Time :  3568.61 seconds

[36m[[[keras-39]]][0m
[[[ Node ]]]
if isinstance(self.target, int) and (not force and now - self.last_update < self.interval and (current < self.target)):
    return
[32mPASSED![0m
Time :  7.92 seconds

PASSED :  2 / 5
[36m[[[luigi-3]]][0m
[[[ Node ]]]
return tuple((x if isinstance(x, int) else tuple(x) for x in json.loads(x, object_pairs_hook=_FrozenOrderedDict)))
[32mPASSED![0m
Time :  54.06 seconds

[36m[[[luigi-4]]][0m
[[[ Node ]]]
def copy(self, cursor, f):
    """
        Defines copying from s3 into redshift.

        If both key-based and role-based credentials are provided, role-based will be used.
        """
    logger.info('Inserting file: %s', f)
    colnames = ''
    if self.columns and len(self.columns) > 0:
        colnames = ','.join([x[0] for x in self.columns])
        colnames = '({})'.format(colnames)
    cursor.execute("\n         COPY {table} {colnames} from '{source}'\n         CREDENTIALS '{creds}'\n         {options}\n         ;".format(table=self.table, colnames=colnames, source=f, creds=self._credentials(), options=self.copy_options))
[32mPASSED![0m
Time :  94.07 seconds

[36m[[[luigi-6]]][0m
[33mERROR...[0m
  File "/home/wonseok/pyfix/my_tool/test_main.py", line 227, in run
    works.work()
  File "/home/wonseok/pyfix/my_tool/work.py", line 655, in work
    self.patch_only_once(synthe)
  File "/home/wonseok/pyfix/my_tool/work.py", line 463, in patch_only_once
    self.spec_inference(synthe)
  File "/home/wonseok/pyfix/my_tool/work.py", line 345, in spec_inference
    ast_list = make_template.get_ast_list(neg_funcname, error_stmt)
  File "/home/wonseok/pyfix/my_tool/template/template_to_ast.py", line 1195, in get_ast_list
    final_list = self.check_which_template(funcname, error_stmt)
  File "/home/wonseok/pyfix/my_tool/template/template_to_ast.py", line 1190, in check_which_template
    return self.find_template_place(self.origin, error_stmt)
  File "/home/wonseok/pyfix/my_tool/template/template_to_ast.py", line 1170, in find_template_place
    self.find_template_place(child_stmt, error_stmt)
  File "/home/wonseok/pyfix/my_tool/template/template_to_ast.py", line 1170, in find_template_place
    self.find_template_place(child_stmt, error_stmt)
  File "/home/wonseok/pyfix/my_tool/template/template_to_ast.py", line 1170, in find_template_place
    self.find_template_place(child_stmt, error_stmt)
  [Previous line repeated 1 more time]
  File "/home/wonseok/pyfix/my_tool/template/template_to_ast.py", line 1165, in find_template_place
    self.ast_list = self.make_ast_list(attr, i)
  File "/home/wonseok/pyfix/my_tool/template/template_to_ast.py", line 1032, in make_ast_list
    ast_list.extend(self.single_template(stmt_list, i))
  File "/home/wonseok/pyfix/my_tool/template/template_to_ast.py", line 967, in single_template
    candidate_templates = self.add_template(arg_typ, template, stmt_list, i)
  File "/home/wonseok/pyfix/my_tool/template/template_to_ast.py", line 367, in add_template
    body = self.type_casting_to_ast(self.arg, split_typ[0], split_typ[1])
list index out of range
Time :  139.14 seconds

[36m[[[luigi-14]]][0m
[[[ Node ]]]
def has_excessive_failures(self):
    if self.failures.first_failure_time is not None and self.disable_hard_timeout:
        if time.time() >= self.failures.first_failure_time + self.disable_hard_timeout:
            return True
    if self.disable_failures and self.failures.num_failures() >= self.disable_failures:
        return True
    return False
[32mPASSED![0m
Time :  4.06 seconds

[36m[[[luigi-22]]][0m
[[[ Node ]]]
if isinstance(self.last_active, int) and self.last_active + config.worker_disconnect_delay < time.time():
    return True
[32mPASSED![0m
Time :  4.21 seconds

[36m[[[luigi-25]]][0m
[[[ Node ]]]
path = self.s3_load_path
[32mPASSED![0m
Time :  2.92 seconds

[36m[[[luigi-26]]][0m
[[[ Node ]]]
if not job.jar() or not os.path.exists(job.jar()):
    if not isinstance(job.jar(), type(None)):
        logger.error("Can't find jar: %s, full path %s", job.jar(), os.path.abspath(job.jar()))
    raise HadoopJarJobError('job jar does not exist')
[32mPASSED![0m
Time :  58.54 seconds

PASSED :  6 / 7
[36m[[[matplotlib-15]]][0m
/home/wonseok/BugsInPy/benchmark/matplotlib-15/lib/matplotlib/tests/test_colors.py not exists
[31mFAILED...[0m
Time :  0.0 seconds

PASSED :  0 / 1
[36m[[[pandas-12]]][0m
[31mFAILED...[0m
Time :  190.99 seconds

[36m[[[pandas-13]]][0m
[33mERROR...[0m
  File "/home/wonseok/pyfix/my_tool/test_main.py", line 227, in run
    works.work()
  File "/home/wonseok/pyfix/my_tool/work.py", line 655, in work
    self.patch_only_once(synthe)
  File "/home/wonseok/pyfix/my_tool/work.py", line 512, in patch_only_once
    ast_list = make_template.get_ast_list(neg_funcname, target_node)
  File "/home/wonseok/pyfix/my_tool/template/template_to_ast.py", line 1195, in get_ast_list
    final_list = self.check_which_template(funcname, error_stmt)
  File "/home/wonseok/pyfix/my_tool/template/template_to_ast.py", line 1190, in check_which_template
    return self.find_template_place(self.origin, error_stmt)
  File "/home/wonseok/pyfix/my_tool/template/template_to_ast.py", line 1170, in find_template_place
    self.find_template_place(child_stmt, error_stmt)
  File "/home/wonseok/pyfix/my_tool/template/template_to_ast.py", line 1165, in find_template_place
    self.ast_list = self.make_ast_list(attr, i)
  File "/home/wonseok/pyfix/my_tool/template/template_to_ast.py", line 1032, in make_ast_list
    ast_list.extend(self.single_template(stmt_list, i))
  File "/home/wonseok/pyfix/my_tool/template/template_to_ast.py", line 967, in single_template
    candidate_templates = self.add_template(arg_typ, template, stmt_list, i)
  File "/home/wonseok/pyfix/my_tool/template/template_to_ast.py", line 367, in add_template
    body = self.type_casting_to_ast(self.arg, split_typ[0], split_typ[1])
list index out of range
Time :  5.26 seconds

[36m[[[pandas-30]]][0m
[[[ Node ]]]
try:
    new_data = to_datetime(new_data, errors='raise', unit=date_unit)
except (ValueError, OverflowError):
    continue
except TypeError:
    continue
[32mPASSED![0m
Time :  10.66 seconds

[36m[[[pandas-31]]][0m
[31mFAILED...[0m
Time :  2568.89 seconds

[36m[[[pandas-36]]][0m
[[[ Node ]]]
if isinstance(obj, (ABCSeries, np.ndarray, ABCIndexClass, ABCExtensionArray)):
    import numpy
    if not (isinstance(obj, numpy.ndarray) and numpy.issubdtype(obj.dtype, numpy.float)):
        return obj.isna()
    return _isna_ndarraylike_old(obj)
elif isinstance(obj, ABCDataFrame):
    return obj.isna()
elif isinstance(obj, list):
    return _isna_ndarraylike_old(np.asarray(obj, dtype=object))
elif hasattr(obj, '__array__'):
    return _isna_ndarraylike_old(np.asarray(obj))
else:
    return obj is None
[32mPASSED![0m
Time :  77.21 seconds

[36m[[[pandas-48]]][0m
[[[ Node ]]]
try:
    result = type(block.values)._from_sequence(result.ravel(), dtype=block.values.dtype)
except ValueError:
    result = result.reshape(1, -1)
except TypeError:
    result = result.reshape(1, -1)
[32mPASSED![0m
Time :  62.67 seconds

[36m[[[pandas-49]]][0m
[[[ Node ]]]
def rep(x, r):
    import pandas
    if isinstance(x, pandas._libs.missing.NAType):
        return x
    try:
        return bytes.__mul__(x, r)
    except TypeError:
        return str.__mul__(x, r)
[32mPASSED![0m
Time :  23.97 seconds

[36m[[[pandas-51]]][0m
[[[ Node ]]]
if not self.is_unique or not other.is_unique:
    import pandas
    if not isinstance(self, pandas.core.indexes.category.CategoricalIndex):
        if self.is_monotonic and other.is_monotonic:
            return self._join_monotonic(other, how=how, return_indexers=return_indexers)
        else:
            return self._join_non_unique(other, how=how, return_indexers=return_indexers)
elif self.is_monotonic and other.is_monotonic:
    try:
        return self._join_monotonic(other, how=how, return_indexers=return_indexers)
    except TypeError:
        pass
[32mPASSED![0m
Time :  38.77 seconds

[36m[[[pandas-53]]][0m
[[[ Node ]]]
if kind == 'loc' and is_integer(key):
    import pandas
    if isinstance(self, pandas.core.indexes.base.Index):
        return key
    if not self.holds_integer():
        self._invalid_indexer('label', key)
[32mPASSED![0m
Time :  138.39 seconds

[36m[[[pandas-57]]][0m
/home/wonseok/BugsInPy/benchmark/pandas-57/pandas/tests/arrays/categorical/test_replace.py not exists
/home/wonseok/BugsInPy/benchmark/pandas-57/pandas/tests/arrays/categorical/test_replace.py not exists
inference_typ_dict :  {}
[33mERROR...[0m
  File "/home/wonseok/pyfix/my_tool/test_main.py", line 227, in run
    works.work()
  File "/home/wonseok/pyfix/my_tool/work.py", line 655, in work
    self.patch_only_once(synthe)
  File "/home/wonseok/pyfix/my_tool/work.py", line 520, in patch_only_once
    self.spec_inference(synthe)
  File "/home/wonseok/pyfix/my_tool/work.py", line 264, in spec_inference
    var_score, operator_mutate = error_analysis.extract_score(error_stmt)
  File "/home/wonseok/pyfix/my_tool/type_analysis/error_analysis.py", line 484, in extract_score
    self.visit(node)
  File "/home/wonseok/.pyenv/versions/3.9.1/lib/python3.9/ast.py", line 407, in visit
    return visitor(node)
  File "/home/wonseok/pyfix/my_tool/type_analysis/error_analysis.py", line 160, in visit_If
    self.visit(node.test)
  File "/home/wonseok/.pyenv/versions/3.9.1/lib/python3.9/ast.py", line 407, in visit
    return visitor(node)
  File "/home/wonseok/pyfix/my_tool/type_analysis/error_analysis.py", line 272, in visit_Compare
    inference_typ = list(typ_dict.keys())[0] # 1st key
list index out of range
Time :  1139.84 seconds

[36m[[[pandas-71]]][0m
[31mFAILED...[0m
Time :  3004.02 seconds

[36m[[[pandas-72]]][0m
[33mERROR...[0m
  File "/home/wonseok/pyfix/my_tool/test_main.py", line 227, in run
    works.work()
  File "/home/wonseok/pyfix/my_tool/work.py", line 655, in work
    self.patch_only_once(synthe)
  File "/home/wonseok/pyfix/my_tool/work.py", line 512, in patch_only_once
    ast_list = make_template.get_ast_list(neg_funcname, target_node)
  File "/home/wonseok/pyfix/my_tool/template/template_to_ast.py", line 1195, in get_ast_list
    final_list = self.check_which_template(funcname, error_stmt)
  File "/home/wonseok/pyfix/my_tool/template/template_to_ast.py", line 1190, in check_which_template
    return self.find_template_place(self.origin, error_stmt)
  File "/home/wonseok/pyfix/my_tool/template/template_to_ast.py", line 1170, in find_template_place
    self.find_template_place(child_stmt, error_stmt)
  File "/home/wonseok/pyfix/my_tool/template/template_to_ast.py", line 1170, in find_template_place
    self.find_template_place(child_stmt, error_stmt)
  File "/home/wonseok/pyfix/my_tool/template/template_to_ast.py", line 1165, in find_template_place
    self.ast_list = self.make_ast_list(attr, i)
  File "/home/wonseok/pyfix/my_tool/template/template_to_ast.py", line 1032, in make_ast_list
    ast_list.extend(self.single_template(stmt_list, i))
  File "/home/wonseok/pyfix/my_tool/template/template_to_ast.py", line 967, in single_template
    candidate_templates = self.add_template(arg_typ, template, stmt_list, i)
  File "/home/wonseok/pyfix/my_tool/template/template_to_ast.py", line 367, in add_template
    body = self.type_casting_to_ast(self.arg, split_typ[0], split_typ[1])
list index out of range
Time :  178.12 seconds

[36m[[[pandas-79]]][0m
[33mERROR...[0m
  File "/home/wonseok/pyfix/my_tool/test_main.py", line 227, in run
    works.work()
  File "/home/wonseok/pyfix/my_tool/work.py", line 655, in work
    self.patch_only_once(synthe)
  File "/home/wonseok/pyfix/my_tool/work.py", line 512, in patch_only_once
    ast_list = make_template.get_ast_list(neg_funcname, target_node)
  File "/home/wonseok/pyfix/my_tool/template/template_to_ast.py", line 1195, in get_ast_list
    final_list = self.check_which_template(funcname, error_stmt)
  File "/home/wonseok/pyfix/my_tool/template/template_to_ast.py", line 1190, in check_which_template
    return self.find_template_place(self.origin, error_stmt)
  File "/home/wonseok/pyfix/my_tool/template/template_to_ast.py", line 1170, in find_template_place
    self.find_template_place(child_stmt, error_stmt)
  File "/home/wonseok/pyfix/my_tool/template/template_to_ast.py", line 1170, in find_template_place
    self.find_template_place(child_stmt, error_stmt)
  File "/home/wonseok/pyfix/my_tool/template/template_to_ast.py", line 1165, in find_template_place
    self.ast_list = self.make_ast_list(attr, i)
  File "/home/wonseok/pyfix/my_tool/template/template_to_ast.py", line 1032, in make_ast_list
    ast_list.extend(self.single_template(stmt_list, i))
  File "/home/wonseok/pyfix/my_tool/template/template_to_ast.py", line 967, in single_template
    candidate_templates = self.add_template(arg_typ, template, stmt_list, i)
  File "/home/wonseok/pyfix/my_tool/template/template_to_ast.py", line 367, in add_template
    body = self.type_casting_to_ast(self.arg, split_typ[0], split_typ[1])
list index out of range
Time :  255.45 seconds

[36m[[[pandas-99]]][0m
[33mERROR...[0m
  File "/home/wonseok/pyfix/my_tool/test_main.py", line 227, in run
    works.work()
  File "/home/wonseok/pyfix/my_tool/work.py", line 655, in work
    self.patch_only_once(synthe)
  File "/home/wonseok/pyfix/my_tool/work.py", line 512, in patch_only_once
    ast_list = make_template.get_ast_list(neg_funcname, target_node)
  File "/home/wonseok/pyfix/my_tool/template/template_to_ast.py", line 1195, in get_ast_list
    final_list = self.check_which_template(funcname, error_stmt)
  File "/home/wonseok/pyfix/my_tool/template/template_to_ast.py", line 1190, in check_which_template
    return self.find_template_place(self.origin, error_stmt)
  File "/home/wonseok/pyfix/my_tool/template/template_to_ast.py", line 1170, in find_template_place
    self.find_template_place(child_stmt, error_stmt)
  File "/home/wonseok/pyfix/my_tool/template/template_to_ast.py", line 1165, in find_template_place
    self.ast_list = self.make_ast_list(attr, i)
  File "/home/wonseok/pyfix/my_tool/template/template_to_ast.py", line 1032, in make_ast_list
    ast_list.extend(self.single_template(stmt_list, i))
  File "/home/wonseok/pyfix/my_tool/template/template_to_ast.py", line 967, in single_template
    candidate_templates = self.add_template(arg_typ, template, stmt_list, i)
  File "/home/wonseok/pyfix/my_tool/template/template_to_ast.py", line 367, in add_template
    body = self.type_casting_to_ast(self.arg, split_typ[0], split_typ[1])
list index out of range
Time :  2307.88 seconds

[36m[[[pandas-103]]][0m
[33mERROR...[0m
  File "/home/wonseok/pyfix/my_tool/test_main.py", line 227, in run
    works.work()
  File "/home/wonseok/pyfix/my_tool/work.py", line 850, in work
    works.work()
  File "/home/wonseok/pyfix/my_tool/work.py", line 655, in work
    self.patch_only_once(synthe)
  File "/home/wonseok/pyfix/my_tool/work.py", line 512, in patch_only_once
    ast_list = make_template.get_ast_list(neg_funcname, target_node)
  File "/home/wonseok/pyfix/my_tool/template/template_to_ast.py", line 1195, in get_ast_list
    final_list = self.check_which_template(funcname, error_stmt)
  File "/home/wonseok/pyfix/my_tool/template/template_to_ast.py", line 1190, in check_which_template
    return self.find_template_place(self.origin, error_stmt)
  File "/home/wonseok/pyfix/my_tool/template/template_to_ast.py", line 1170, in find_template_place
    self.find_template_place(child_stmt, error_stmt)
  File "/home/wonseok/pyfix/my_tool/template/template_to_ast.py", line 1170, in find_template_place
    self.find_template_place(child_stmt, error_stmt)
  File "/home/wonseok/pyfix/my_tool/template/template_to_ast.py", line 1165, in find_template_place
    self.ast_list = self.make_ast_list(attr, i)
  File "/home/wonseok/pyfix/my_tool/template/template_to_ast.py", line 1032, in make_ast_list
    ast_list.extend(self.single_template(stmt_list, i))
  File "/home/wonseok/pyfix/my_tool/template/template_to_ast.py", line 967, in single_template
    candidate_templates = self.add_template(arg_typ, template, stmt_list, i)
  File "/home/wonseok/pyfix/my_tool/template/template_to_ast.py", line 367, in add_template
    body = self.type_casting_to_ast(self.arg, split_typ[0], split_typ[1])
list index out of range
Time :  344.25 seconds

[36m[[[pandas-106]]][0m
[33mERROR...[0m
  File "/home/wonseok/pyfix/my_tool/test_main.py", line 227, in run
    works.work()
  File "/home/wonseok/pyfix/my_tool/work.py", line 655, in work
    self.patch_only_once(synthe)
  File "/home/wonseok/pyfix/my_tool/work.py", line 512, in patch_only_once
    ast_list = make_template.get_ast_list(neg_funcname, target_node)
  File "/home/wonseok/pyfix/my_tool/template/template_to_ast.py", line 1195, in get_ast_list
    final_list = self.check_which_template(funcname, error_stmt)
  File "/home/wonseok/pyfix/my_tool/template/template_to_ast.py", line 1190, in check_which_template
    return self.find_template_place(self.origin, error_stmt)
  File "/home/wonseok/pyfix/my_tool/template/template_to_ast.py", line 1170, in find_template_place
    self.find_template_place(child_stmt, error_stmt)
  File "/home/wonseok/pyfix/my_tool/template/template_to_ast.py", line 1170, in find_template_place
    self.find_template_place(child_stmt, error_stmt)
  File "/home/wonseok/pyfix/my_tool/template/template_to_ast.py", line 1165, in find_template_place
    self.ast_list = self.make_ast_list(attr, i)
  File "/home/wonseok/pyfix/my_tool/template/template_to_ast.py", line 1032, in make_ast_list
    ast_list.extend(self.single_template(stmt_list, i))
  File "/home/wonseok/pyfix/my_tool/template/template_to_ast.py", line 967, in single_template
    candidate_templates = self.add_template(arg_typ, template, stmt_list, i)
  File "/home/wonseok/pyfix/my_tool/template/template_to_ast.py", line 367, in add_template
    body = self.type_casting_to_ast(self.arg, split_typ[0], split_typ[1])
list index out of range
Time :  631.57 seconds

[36m[[[pandas-110]]][0m
Timeout!
Time :  3600.06 seconds

[36m[[[pandas-111]]][0m
Timeout!
Time :  3600.1 seconds

[36m[[[pandas-112]]][0m
[33mERROR...[0m
  File "/home/wonseok/pyfix/my_tool/test_main.py", line 227, in run
    works.work()
  File "/home/wonseok/pyfix/my_tool/work.py", line 655, in work
    self.patch_only_once(synthe)
  File "/home/wonseok/pyfix/my_tool/work.py", line 512, in patch_only_once
    ast_list = make_template.get_ast_list(neg_funcname, target_node)
  File "/home/wonseok/pyfix/my_tool/template/template_to_ast.py", line 1195, in get_ast_list
    final_list = self.check_which_template(funcname, error_stmt)
  File "/home/wonseok/pyfix/my_tool/template/template_to_ast.py", line 1190, in check_which_template
    return self.find_template_place(self.origin, error_stmt)
  File "/home/wonseok/pyfix/my_tool/template/template_to_ast.py", line 1170, in find_template_place
    self.find_template_place(child_stmt, error_stmt)
  File "/home/wonseok/pyfix/my_tool/template/template_to_ast.py", line 1170, in find_template_place
    self.find_template_place(child_stmt, error_stmt)
  File "/home/wonseok/pyfix/my_tool/template/template_to_ast.py", line 1165, in find_template_place
    self.ast_list = self.make_ast_list(attr, i)
  File "/home/wonseok/pyfix/my_tool/template/template_to_ast.py", line 1032, in make_ast_list
    ast_list.extend(self.single_template(stmt_list, i))
  File "/home/wonseok/pyfix/my_tool/template/template_to_ast.py", line 967, in single_template
    candidate_templates = self.add_template(arg_typ, template, stmt_list, i)
  File "/home/wonseok/pyfix/my_tool/template/template_to_ast.py", line 367, in add_template
    body = self.type_casting_to_ast(self.arg, split_typ[0], split_typ[1])
list index out of range
Time :  724.53 seconds

[36m[[[pandas-123]]][0m
Timeout!
Time :  3600.04 seconds

[36m[[[pandas-138]]][0m
[[[ Node ]]]
def quantile(x, q, interpolation_method='fraction'):
    """
    Compute sample quantile or quantiles of the input array. For example, q=0.5
    computes the median.

    The `interpolation_method` parameter supports three values, namely
    `fraction` (default), `lower` and `higher`. Interpolation is done only,
    if the desired quantile lies between two data points `i` and `j`. For
    `fraction`, the result is an interpolated value between `i` and `j`;
    for `lower`, the result is `i`, for `higher` the result is `j`.

    Parameters
    ----------
    x : ndarray
        Values from which to extract score.
    q : scalar or array
        Percentile at which to extract score.
    interpolation_method : {'fraction', 'lower', 'higher'}, optional
        This optional parameter specifies the interpolation method to use,
        when the desired quantile lies between two data points `i` and `j`:

        - fraction: `i + (j - i)*fraction`, where `fraction` is the
                    fractional part of the index surrounded by `i` and `j`.
        -lower: `i`.
        - higher: `j`.

    Returns
    -------
    score : float
        Score at percentile.

    Examples
    --------
    >>> from scipy import stats
    >>> a = np.arange(100)
    >>> stats.scoreatpercentile(a, 50)
    49.5

    """
    x = np.asarray(x)
    mask = isna(x)
    x = x[~mask]
    import numpy
    if not (numpy.issubdtype(x.dtype, numpy.number)):
        x = x.astype(numpy.number)
    values = np.sort(x)

    def _interpolate(a, b, fraction):
        """Returns the point at the given fraction between a and b, where
        'fraction' must be between 0 and 1.
        """
        return a + (b - a) * fraction

    def _get_score(at):
        if len(values) == 0:
            return np.nan
        idx = at * (len(values) - 1)
        if idx % 1 == 0:
            score = values[int(idx)]
        elif interpolation_method == 'fraction':
            score = _interpolate(values[int(idx)], values[int(idx) + 1], idx % 1)
        elif interpolation_method == 'lower':
            score = values[np.floor(idx)]
        elif interpolation_method == 'higher':
            score = values[np.ceil(idx)]
        else:
            raise ValueError("interpolation_method can only be 'fraction' , 'lower' or 'higher'")
        return score
    if is_scalar(q):
        return _get_score(q)
    else:
        q = np.asarray(q, np.float64)
        result = [_get_score(x) for x in q]
        result = np.array(result, dtype=np.float64)
        return result
[32mPASSED![0m
Time :  189.08 seconds

[36m[[[pandas-142]]][0m
[33mERROR...[0m
  File "/home/wonseok/pyfix/my_tool/test_main.py", line 227, in run
    works.work()
  File "/home/wonseok/pyfix/my_tool/work.py", line 655, in work
    self.patch_only_once(synthe)
  File "/home/wonseok/pyfix/my_tool/work.py", line 512, in patch_only_once
    ast_list = make_template.get_ast_list(neg_funcname, target_node)
  File "/home/wonseok/pyfix/my_tool/template/template_to_ast.py", line 1195, in get_ast_list
    final_list = self.check_which_template(funcname, error_stmt)
  File "/home/wonseok/pyfix/my_tool/template/template_to_ast.py", line 1190, in check_which_template
    return self.find_template_place(self.origin, error_stmt)
  File "/home/wonseok/pyfix/my_tool/template/template_to_ast.py", line 1170, in find_template_place
    self.find_template_place(child_stmt, error_stmt)
  File "/home/wonseok/pyfix/my_tool/template/template_to_ast.py", line 1165, in find_template_place
    self.ast_list = self.make_ast_list(attr, i)
  File "/home/wonseok/pyfix/my_tool/template/template_to_ast.py", line 1032, in make_ast_list
    ast_list.extend(self.single_template(stmt_list, i))
  File "/home/wonseok/pyfix/my_tool/template/template_to_ast.py", line 967, in single_template
    candidate_templates = self.add_template(arg_typ, template, stmt_list, i)
  File "/home/wonseok/pyfix/my_tool/template/template_to_ast.py", line 367, in add_template
    body = self.type_casting_to_ast(self.arg, split_typ[0], split_typ[1])
list index out of range
Time :  962.68 seconds

[36m[[[pandas-145]]][0m
[33mERROR...[0m
  File "/home/wonseok/pyfix/my_tool/test_main.py", line 227, in run
    works.work()
  File "/home/wonseok/pyfix/my_tool/work.py", line 655, in work
    self.patch_only_once(synthe)
  File "/home/wonseok/pyfix/my_tool/work.py", line 512, in patch_only_once
    ast_list = make_template.get_ast_list(neg_funcname, target_node)
  File "/home/wonseok/pyfix/my_tool/template/template_to_ast.py", line 1195, in get_ast_list
    final_list = self.check_which_template(funcname, error_stmt)
  File "/home/wonseok/pyfix/my_tool/template/template_to_ast.py", line 1190, in check_which_template
    return self.find_template_place(self.origin, error_stmt)
  File "/home/wonseok/pyfix/my_tool/template/template_to_ast.py", line 1170, in find_template_place
    self.find_template_place(child_stmt, error_stmt)
  File "/home/wonseok/pyfix/my_tool/template/template_to_ast.py", line 1165, in find_template_place
    self.ast_list = self.make_ast_list(attr, i)
  File "/home/wonseok/pyfix/my_tool/template/template_to_ast.py", line 1032, in make_ast_list
    ast_list.extend(self.single_template(stmt_list, i))
  File "/home/wonseok/pyfix/my_tool/template/template_to_ast.py", line 967, in single_template
    candidate_templates = self.add_template(arg_typ, template, stmt_list, i)
  File "/home/wonseok/pyfix/my_tool/template/template_to_ast.py", line 367, in add_template
    body = self.type_casting_to_ast(self.arg, split_typ[0], split_typ[1])
list index out of range
Time :  678.34 seconds

[36m[[[pandas-146]]][0m
[33mERROR...[0m
  File "/home/wonseok/pyfix/my_tool/test_main.py", line 227, in run
    works.work()
  File "/home/wonseok/pyfix/my_tool/work.py", line 655, in work
    self.patch_only_once(synthe)
  File "/home/wonseok/pyfix/my_tool/work.py", line 463, in patch_only_once
    self.spec_inference(synthe)
  File "/home/wonseok/pyfix/my_tool/work.py", line 345, in spec_inference
    ast_list = make_template.get_ast_list(neg_funcname, error_stmt)
  File "/home/wonseok/pyfix/my_tool/template/template_to_ast.py", line 1195, in get_ast_list
    final_list = self.check_which_template(funcname, error_stmt)
  File "/home/wonseok/pyfix/my_tool/template/template_to_ast.py", line 1190, in check_which_template
    return self.find_template_place(self.origin, error_stmt)
  File "/home/wonseok/pyfix/my_tool/template/template_to_ast.py", line 1170, in find_template_place
    self.find_template_place(child_stmt, error_stmt)
  File "/home/wonseok/pyfix/my_tool/template/template_to_ast.py", line 1170, in find_template_place
    self.find_template_place(child_stmt, error_stmt)
  File "/home/wonseok/pyfix/my_tool/template/template_to_ast.py", line 1170, in find_template_place
    self.find_template_place(child_stmt, error_stmt)
  [Previous line repeated 2 more times]
  File "/home/wonseok/pyfix/my_tool/template/template_to_ast.py", line 1165, in find_template_place
    self.ast_list = self.make_ast_list(attr, i)
  File "/home/wonseok/pyfix/my_tool/template/template_to_ast.py", line 1032, in make_ast_list
    ast_list.extend(self.single_template(stmt_list, i))
  File "/home/wonseok/pyfix/my_tool/template/template_to_ast.py", line 967, in single_template
    candidate_templates = self.add_template(arg_typ, template, stmt_list, i)
  File "/home/wonseok/pyfix/my_tool/template/template_to_ast.py", line 367, in add_template
    body = self.type_casting_to_ast(self.arg, split_typ[0], split_typ[1])
list index out of range
Time :  15.68 seconds

[36m[[[pandas-152]]][0m
[[[ Node ]]]
to_concat = [self] + list(to_append)
[32mPASSED![0m
Time :  51.57 seconds

[36m[[[pandas-158]]][0m
Timeout!
Time :  3600.04 seconds

PASSED :  8 / 26
[36m[[[scrapy-1]]][0m
[[[ Node ]]]
for domain in allowed_domains:
    if domain and url_pattern.match(domain):
        message = 'allowed_domains accepts only domains, not URLs. Ignoring URL entry %s in allowed_domains.' % domain
        warnings.warn(message, URLWarning)
[32mPASSED![0m
Time :  2.22 seconds

[36m[[[scrapy-2]]][0m
[[[ Node ]]]
def __setitem__(self, key, value):
    if not isinstance(self.limit, type(None)):
        while len(self) >= self.limit:
            self.popitem(last=False)
    super(LocalCache, self).__setitem__(key, value)
[32mPASSED![0m
Time :  3.7 seconds

[36m[[[scrapy-8]]][0m
/home/wonseok/BugsInPy/benchmark/scrapy-8/tests/test_item.py not exists
/home/wonseok/BugsInPy/benchmark/scrapy-8/tests/test_item.py not exists
[31mFAILED...[0m
Time :  0.0 seconds

[36m[[[scrapy-17]]][0m
[33mERROR...[0m
  File "/home/wonseok/pyfix/my_tool/test_main.py", line 227, in run
    works.work()
  File "/home/wonseok/pyfix/my_tool/work.py", line 655, in work
    self.patch_only_once(synthe)
  File "/home/wonseok/pyfix/my_tool/work.py", line 512, in patch_only_once
    ast_list = make_template.get_ast_list(neg_funcname, target_node)
  File "/home/wonseok/pyfix/my_tool/template/template_to_ast.py", line 1195, in get_ast_list
    final_list = self.check_which_template(funcname, error_stmt)
  File "/home/wonseok/pyfix/my_tool/template/template_to_ast.py", line 1190, in check_which_template
    return self.find_template_place(self.origin, error_stmt)
  File "/home/wonseok/pyfix/my_tool/template/template_to_ast.py", line 1170, in find_template_place
    self.find_template_place(child_stmt, error_stmt)
  File "/home/wonseok/pyfix/my_tool/template/template_to_ast.py", line 1165, in find_template_place
    self.ast_list = self.make_ast_list(attr, i)
  File "/home/wonseok/pyfix/my_tool/template/template_to_ast.py", line 1032, in make_ast_list
    ast_list.extend(self.single_template(stmt_list, i))
  File "/home/wonseok/pyfix/my_tool/template/template_to_ast.py", line 967, in single_template
    candidate_templates = self.add_template(arg_typ, template, stmt_list, i)
  File "/home/wonseok/pyfix/my_tool/template/template_to_ast.py", line 367, in add_template
    body = self.type_casting_to_ast(self.arg, split_typ[0], split_typ[1])
list index out of range
Time :  37.43 seconds

[36m[[[scrapy-20]]][0m
[31mFAILED...[0m
Time :  49.28 seconds

[36m[[[scrapy-23]]][0m
[33mERROR...[0m
  File "/home/wonseok/pyfix/my_tool/test_main.py", line 227, in run
    works.work()
  File "/home/wonseok/pyfix/my_tool/work.py", line 655, in work
    self.patch_only_once(synthe)
  File "/home/wonseok/pyfix/my_tool/work.py", line 520, in patch_only_once
    self.spec_inference(synthe)
  File "/home/wonseok/pyfix/my_tool/work.py", line 345, in spec_inference
    ast_list = make_template.get_ast_list(neg_funcname, error_stmt)
  File "/home/wonseok/pyfix/my_tool/template/template_to_ast.py", line 1195, in get_ast_list
    final_list = self.check_which_template(funcname, error_stmt)
  File "/home/wonseok/pyfix/my_tool/template/template_to_ast.py", line 1190, in check_which_template
    return self.find_template_place(self.origin, error_stmt)
  File "/home/wonseok/pyfix/my_tool/template/template_to_ast.py", line 1170, in find_template_place
    self.find_template_place(child_stmt, error_stmt)
  File "/home/wonseok/pyfix/my_tool/template/template_to_ast.py", line 1170, in find_template_place
    self.find_template_place(child_stmt, error_stmt)
  File "/home/wonseok/pyfix/my_tool/template/template_to_ast.py", line 1170, in find_template_place
    self.find_template_place(child_stmt, error_stmt)
  File "/home/wonseok/pyfix/my_tool/template/template_to_ast.py", line 1165, in find_template_place
    self.ast_list = self.make_ast_list(attr, i)
  File "/home/wonseok/pyfix/my_tool/template/template_to_ast.py", line 1032, in make_ast_list
    ast_list.extend(self.single_template(stmt_list, i))
  File "/home/wonseok/pyfix/my_tool/template/template_to_ast.py", line 967, in single_template
    candidate_templates = self.add_template(arg_typ, template, stmt_list, i)
  File "/home/wonseok/pyfix/my_tool/template/template_to_ast.py", line 367, in add_template
    body = self.type_casting_to_ast(self.arg, split_typ[0], split_typ[1])
list index out of range
Time :  5.58 seconds

[36m[[[scrapy-27]]][0m
[[[ Node ]]]
if response.status in [301, 307] and 'Location' in response.headers:
    import scrapy
    if isinstance(response.headers, scrapy.http.headers.Headers):
        return response
    redirected_url = urljoin(request.url, response.headers['location'])
    redirected = request.replace(url=redirected_url)
    return self._redirect(redirected, request, spider, response.status)
[32mPASSED![0m
Time :  6.14 seconds

[36m[[[scrapy-29]]][0m
[[[ Node ]]]
s += b'Host: ' + to_bytes('' if isinstance(parsed.hostname, type(None)) else parsed.hostname) + b'\r\n'
[32mPASSED![0m
Time :  3.28 seconds

[36m[[[scrapy-30]]][0m
/home/wonseok/BugsInPy/benchmark/scrapy-30/tests/test_command_version.py not exists
[33mERROR...[0m
  File "/home/wonseok/pyfix/my_tool/test_main.py", line 227, in run
    works.work()
  File "/home/wonseok/pyfix/my_tool/work.py", line 655, in work
    self.patch_only_once(synthe)
  File "/home/wonseok/pyfix/my_tool/work.py", line 520, in patch_only_once
    self.spec_inference(synthe)
  File "/home/wonseok/pyfix/my_tool/work.py", line 345, in spec_inference
    ast_list = make_template.get_ast_list(neg_funcname, error_stmt)
  File "/home/wonseok/pyfix/my_tool/template/template_to_ast.py", line 1195, in get_ast_list
    final_list = self.check_which_template(funcname, error_stmt)
  File "/home/wonseok/pyfix/my_tool/template/template_to_ast.py", line 1190, in check_which_template
    return self.find_template_place(self.origin, error_stmt)
  File "/home/wonseok/pyfix/my_tool/template/template_to_ast.py", line 1170, in find_template_place
    self.find_template_place(child_stmt, error_stmt)
  File "/home/wonseok/pyfix/my_tool/template/template_to_ast.py", line 1170, in find_template_place
    self.find_template_place(child_stmt, error_stmt)
  File "/home/wonseok/pyfix/my_tool/template/template_to_ast.py", line 1165, in find_template_place
    self.ast_list = self.make_ast_list(attr, i)
  File "/home/wonseok/pyfix/my_tool/template/template_to_ast.py", line 1032, in make_ast_list
    ast_list.extend(self.single_template(stmt_list, i))
  File "/home/wonseok/pyfix/my_tool/template/template_to_ast.py", line 967, in single_template
    candidate_templates = self.add_template(arg_typ, template, stmt_list, i)
  File "/home/wonseok/pyfix/my_tool/template/template_to_ast.py", line 367, in add_template
    body = self.type_casting_to_ast(self.arg, split_typ[0], split_typ[1])
list index out of range
Time :  9.17 seconds

[36m[[[scrapy-40]]][0m
[[[ Node ]]]
def _serialize_value(self, value):
    if isinstance(value, BaseItem):
        return self.export_item(value)
    if isinstance(value, dict):
        return dict(self._serialize_dict(value))
    if is_listlike(value):
        return [self._serialize_value(v) for v in value]
    try:
        if self.binary:
            return to_bytes(value, encoding=self.encoding)
        else:
            return to_unicode(value, encoding=self.encoding)
    except TypeError:
        return value
[32mPASSED![0m
Time :  15.19 seconds

PASSED :  5 / 10
[36m[[[spacy-5]]][0m
[33mERROR...[0m
  File "/home/wonseok/pyfix/my_tool/test_main.py", line 227, in run
    works.work()
  File "/home/wonseok/pyfix/my_tool/work.py", line 655, in work
    self.patch_only_once(synthe)
  File "/home/wonseok/pyfix/my_tool/work.py", line 512, in patch_only_once
    ast_list = make_template.get_ast_list(neg_funcname, target_node)
  File "/home/wonseok/pyfix/my_tool/template/template_to_ast.py", line 1195, in get_ast_list
    final_list = self.check_which_template(funcname, error_stmt)
  File "/home/wonseok/pyfix/my_tool/template/template_to_ast.py", line 1190, in check_which_template
    return self.find_template_place(self.origin, error_stmt)
  File "/home/wonseok/pyfix/my_tool/template/template_to_ast.py", line 1170, in find_template_place
    self.find_template_place(child_stmt, error_stmt)
  File "/home/wonseok/pyfix/my_tool/template/template_to_ast.py", line 1165, in find_template_place
    self.ast_list = self.make_ast_list(attr, i)
  File "/home/wonseok/pyfix/my_tool/template/template_to_ast.py", line 1032, in make_ast_list
    ast_list.extend(self.single_template(stmt_list, i))
  File "/home/wonseok/pyfix/my_tool/template/template_to_ast.py", line 967, in single_template
    candidate_templates = self.add_template(arg_typ, template, stmt_list, i)
  File "/home/wonseok/pyfix/my_tool/template/template_to_ast.py", line 367, in add_template
    body = self.type_casting_to_ast(self.arg, split_typ[0], split_typ[1])
list index out of range
Time :  9.07 seconds

PASSED :  0 / 1
[36m[[[tornado-7]]][0m
/home/wonseok/BugsInPy/benchmark/tornado-7/tornado/gen.py not exists
[33mERROR...[0m
  File "/home/wonseok/pyfix/my_tool/test_main.py", line 227, in run
    works.work()
  File "/home/wonseok/pyfix/my_tool/work.py", line 796, in work
    neg_file_node = self.files[neg_filename]
'/home/wonseok/BugsInPy/benchmark/tornado-7/tornado/gen.py'
Time :  0.01 seconds

[36m[[[tornado-9]]][0m
[[[ Node ]]]
def url_concat(url, args):
    if isinstance(args, type(None)):
        return url
    'Concatenate url and arguments regardless of whether\n    url has existing query parameters.\n\n    ``args`` may be either a dictionary or a list of key-value pairs\n    (the latter allows for multiple values with the same key.\n\n    >>> url_concat("http://example.com/foo", dict(c="d"))\n    \'http://example.com/foo?c=d\'\n    >>> url_concat("http://example.com/foo?a=b", dict(c="d"))\n    \'http://example.com/foo?a=b&c=d\'\n    >>> url_concat("http://example.com/foo?a=b", [("c", "d"), ("c", "d2")])\n    \'http://example.com/foo?a=b&c=d&c=d2\'\n    '
    parsed_url = urlparse(url)
    if isinstance(args, dict):
        parsed_query = parse_qsl(parsed_url.query, keep_blank_values=True)
        parsed_query.extend(args.items())
    elif isinstance(args, list) or isinstance(args, tuple):
        parsed_query = parse_qsl(parsed_url.query, keep_blank_values=True)
        parsed_query.extend(args)
    else:
        err = "'args' parameter should be dict, list or tuple. Not {0}".format(type(args))
        raise TypeError(err)
    final_query = urlencode(parsed_query)
    url = urlunparse((parsed_url[0], parsed_url[1], parsed_url[2], parsed_url[3], final_query, parsed_url[5]))
    return url
[32mPASSED![0m
Time :  2.39 seconds

PASSED :  1 / 2
[36m[[[tqdm-9]]][0m
None Type Casting Other Type
Type :  range
None Type Casting Other Type
Type :  range
None Type Casting Other Type
Type :  range
None Type Casting Other Type
Type :  range
[31mFAILED...[0m
Time :  10.54 seconds

PASSED :  0 / 1
[36m[[[youtubedl-11]]][0m
[[[ Node ]]]
def str_to_int(int_str):
    """ A more relaxed version of int_or_none """
    if int_str is None:
        return None
    if isinstance(int_str, int):
        int_str = str(int_str)
    int_str = re.sub('[,\\.\\+]', '', int_str)
    return int(int_str)
[32mPASSED![0m
Time :  2.94 seconds

[36m[[[youtubedl-16]]][0m
[31mFAILED...[0m
Time :  1054.87 seconds

PASSED :  1 / 2
Total :  23 / 59
