[36m[[[airflow-3831]]][0m
Filename :  /home/wonseok/benchmark/airflow-3831/airflow/contrib/operators/dataflow_operator.py
[32mPASSED![0m
Time :  4.16 seconds

[36m[[[airflow-4674]]][0m
[31mFAILED...[0m
Time :  0.01 seconds

[36m[[[airflow-5686]]][0m
Filename :  /home/wonseok/benchmark/airflow-5686/airflow/hooks/http_hook.py
[[[ Patch Node ]]]
if isinstance(conn.host, type(None)):
    conn.host = ''
[32mPASSED![0m
Time :  7.08 seconds

[36m[[[airflow-6036]]][0m
[33mERROR...[0m
  File "/home/wonseok/pyfix/my_tool/./test_main.py", line 183, in run
    works.work()
  File "/home/wonseok/pyfix/my_tool/work.py", line 263, in work
    self.patch_only_once(synthe)
  File "/home/wonseok/pyfix/my_tool/work.py", line 144, in patch_only_once
    target_typ = neg_args[target_arg]
'DataflowJobStatus.END_STATES'
Time :  112.31 seconds

[36m[[[airflow-8151]]][0m
Function Entry Error
list index out of range
Function Entry Error
list index out of range
[31mFAILED...[0m
Time :  500.1 seconds

[36m[[[airflow-14513]]][0m
Filename :  /home/wonseok/benchmark/airflow-14513/airflow/kubernetes/pod_launcher.py
[[[ Patch Node ]]]
if isinstance(last_log_time, type(None)):
    continue
[32mPASSED![0m
Time :  18.56 seconds

[36m[[[airflow-14686]]][0m
[31mFAILED...[0m
Time :  3717.82 seconds

[36m[[[airflow-15395]]][0m
[31mFAILED...[0m
Time :  0.0 seconds

PASSED :  3 / 8
[36m[[[beets-3360]]][0m
Filename :  /home/wonseok/benchmark/beets-3360/beetsplug/thumbnails.py
[[[ Patch Node ]]]
if not isinstance(path, bytes):
    return PurePosixPath(path).as_uri()
[32mPASSED![0m
Time :  1.46 seconds

PASSED :  1 / 1
PASSED :  0 / 0
[36m[[[core-1972]]][0m
[31mFAILED...[0m
Time :  252.38 seconds

[36m[[[core-8065]]][0m
[33mERROR...[0m
  File "/home/wonseok/pyfix/my_tool/./test_main.py", line 183, in run
    works.work()
  File "/home/wonseok/pyfix/my_tool/work.py", line 314, in work
    synthe.synthesize(node, neg_filename, neg_funcname, neg_classname, neg_args, self.pos_func_infos, None, None)
  File "/home/wonseok/pyfix/my_tool/synthesizer/synthesize.py", line 96, in synthesize
    temp_synthesize.template_synthesize(node)
  File "/home/wonseok/pyfix/my_tool/synthesizer/template_synthesizer.py", line 256, in template_synthesize
    complete_list = completer.get_complete_list(node)
  File "/home/wonseok/pyfix/my_tool/synthesizer/template_synthesizer.py", line 220, in get_complete_list
    self.visit(node)
  File "/home/wonseok/.pyenv/versions/3.9.1/lib/python3.9/ast.py", line 407, in visit
    return visitor(node)
  File "/home/wonseok/.pyenv/versions/3.9.1/lib/python3.9/ast.py", line 415, in generic_visit
    self.visit(item)
  File "/home/wonseok/.pyenv/versions/3.9.1/lib/python3.9/ast.py", line 407, in visit
    return visitor(node)
  File "/home/wonseok/.pyenv/versions/3.9.1/lib/python3.9/ast.py", line 415, in generic_visit
    self.visit(item)
  File "/home/wonseok/.pyenv/versions/3.9.1/lib/python3.9/ast.py", line 407, in visit
    return visitor(node)
  File "/home/wonseok/.pyenv/versions/3.9.1/lib/python3.9/ast.py", line 415, in generic_visit
    self.visit(item)
  File "/home/wonseok/.pyenv/versions/3.9.1/lib/python3.9/ast.py", line 407, in visit
    return visitor(node)
  File "/home/wonseok/.pyenv/versions/3.9.1/lib/python3.9/ast.py", line 417, in generic_visit
    self.visit(value)
  File "/home/wonseok/.pyenv/versions/3.9.1/lib/python3.9/ast.py", line 407, in visit
    return visitor(node)
  File "/home/wonseok/pyfix/my_tool/synthesizer/template_synthesizer.py", line 90, in visit_Constant
    self.synthesize_return()
  File "/home/wonseok/pyfix/my_tool/synthesizer/template_synthesizer.py", line 169, in synthesize_return
    return_list = self.extract_return_type()
  File "/home/wonseok/pyfix/my_tool/synthesizer/template_synthesizer.py", line 58, in extract_return_type
    infer_list = infer.get_return_typ_list(self.node)
  File "/home/wonseok/pyfix/my_tool/type_analysis/return_type_inference.py", line 39, in get_return_typ_list
    self.visit(target_func)
  File "/home/wonseok/.pyenv/versions/3.9.1/lib/python3.9/ast.py", line 407, in visit
    return visitor(node)
  File "/home/wonseok/.pyenv/versions/3.9.1/lib/python3.9/ast.py", line 411, in generic_visit
    for field, value in iter_fields(node):
  File "/home/wonseok/.pyenv/versions/3.9.1/lib/python3.9/ast.py", line 249, in iter_fields
    for field in node._fields:
'NoneType' object has no attribute '_fields'
Time :  56.54 seconds

[36m[[[core-20233]]][0m
Filename :  /home/wonseok/benchmark/core-20233/homeassistant/helpers/template.py
[[[ Patch Node ]]]
if isinstance(value, datetime.datetime):
    value = str(value)
[32mPASSED![0m
Time :  2.6 seconds

[36m[[[core-21734]]][0m
[31mFAILED...[0m
Time :  133.77 seconds

[36m[[[core-29829]]][0m
Filename :  /home/wonseok/benchmark/core-29829/homeassistant/components/input_text/__init__.py
[[[ Patch Node ]]]
if isinstance(self._maximum, type(None)):
    self._current_value = value
elif value is not None and self._minimum <= len(value) <= self._maximum:
    self._current_value = value
[32mPASSED![0m
Time :  383.11 seconds

[36m[[[core-32222]]][0m
Filename :  /home/wonseok/benchmark/core-32222/homeassistant/components/unifi/device_tracker.py
[[[ Patch Node ]]]
if isinstance(self.client.last_seen, type(None)):
    return False
[32mPASSED![0m
Time :  7.54 seconds

[36m[[[core-32318]]][0m
[33mERROR...[0m
  File "/home/wonseok/pyfix/my_tool/./test_main.py", line 183, in run
    works.work()
  File "/home/wonseok/pyfix/my_tool/work.py", line 314, in work
    synthe.synthesize(node, neg_filename, neg_funcname, neg_classname, neg_args, self.pos_func_infos, None, None)
  File "/home/wonseok/pyfix/my_tool/synthesizer/synthesize.py", line 96, in synthesize
    temp_synthesize.template_synthesize(node)
  File "/home/wonseok/pyfix/my_tool/synthesizer/template_synthesizer.py", line 256, in template_synthesize
    complete_list = completer.get_complete_list(node)
  File "/home/wonseok/pyfix/my_tool/synthesizer/template_synthesizer.py", line 220, in get_complete_list
    self.visit(node)
  File "/home/wonseok/.pyenv/versions/3.9.1/lib/python3.9/ast.py", line 407, in visit
    return visitor(node)
  File "/home/wonseok/.pyenv/versions/3.9.1/lib/python3.9/ast.py", line 415, in generic_visit
    self.visit(item)
  File "/home/wonseok/.pyenv/versions/3.9.1/lib/python3.9/ast.py", line 407, in visit
    return visitor(node)
  File "/home/wonseok/.pyenv/versions/3.9.1/lib/python3.9/ast.py", line 415, in generic_visit
    self.visit(item)
  File "/home/wonseok/.pyenv/versions/3.9.1/lib/python3.9/ast.py", line 407, in visit
    return visitor(node)
  File "/home/wonseok/.pyenv/versions/3.9.1/lib/python3.9/ast.py", line 417, in generic_visit
    self.visit(value)
  File "/home/wonseok/.pyenv/versions/3.9.1/lib/python3.9/ast.py", line 407, in visit
    return visitor(node)
  File "/home/wonseok/pyfix/my_tool/synthesizer/template_synthesizer.py", line 90, in visit_Constant
    self.synthesize_return()
  File "/home/wonseok/pyfix/my_tool/synthesizer/template_synthesizer.py", line 169, in synthesize_return
    return_list = self.extract_return_type()
  File "/home/wonseok/pyfix/my_tool/synthesizer/template_synthesizer.py", line 58, in extract_return_type
    infer_list = infer.get_return_typ_list(self.node)
  File "/home/wonseok/pyfix/my_tool/type_analysis/return_type_inference.py", line 39, in get_return_typ_list
    self.visit(target_func)
  File "/home/wonseok/.pyenv/versions/3.9.1/lib/python3.9/ast.py", line 407, in visit
    return visitor(node)
  File "/home/wonseok/.pyenv/versions/3.9.1/lib/python3.9/ast.py", line 411, in generic_visit
    for field, value in iter_fields(node):
  File "/home/wonseok/.pyenv/versions/3.9.1/lib/python3.9/ast.py", line 249, in iter_fields
    for field in node._fields:
'NoneType' object has no attribute '_fields'
Time :  66.45 seconds

[36m[[[core-38605]]][0m
[31mFAILED...[0m
Time :  0.01 seconds

[36m[[[core-40034-1]]][0m
Filename :  /home/wonseok/benchmark/core-40034-1/homeassistant/helpers/condition.py
[[[ Patch Node ]]]
if isinstance(config, homeassistant.helpers.template.Template):
    continue
[32mPASSED![0m
Time :  9.87 seconds

[36m[[[core-40034-2]]][0m
Filename :  /home/wonseok/benchmark/core-40034-2/homeassistant/helpers/condition.py
[[[ Patch Node ]]]
if isinstance(config, homeassistant.helpers.template.Template):
    continue
[32mPASSED![0m
Time :  9.91 seconds

PASSED :  5 / 10
[36m[[[luigi-1836]]][0m
Filename :  /home/wonseok/benchmark/luigi-1836/luigi/contrib/pig.py
[[[ Patch Node ]]]
if isinstance(temp_stdout, _io.BufferedRandom):
    continue
[32mPASSED![0m
Time :  0.88 seconds

PASSED :  1 / 1
[36m[[[numpy-9999]]][0m
[31mFAILED...[0m
Time :  0.0 seconds

[36m[[[numpy-10473]]][0m
Filename :  /home/wonseok/benchmark/numpy-10473/numpy/lib/polynomial.py
[[[ Patch Node ]]]
if isinstance(r, numpy.ndarray) and r.dtype == numpy.dtype('float64'):
    r = numpy.complex128(r)
[32mPASSED![0m
Time :  10.3 seconds

[36m[[[numpy-19094]]][0m
Filename :  /home/wonseok/benchmark/numpy-19094/numpy/typing/_generic_alias.py
[[[ Patch Node ]]]
if isinstance(i, typing._GenericAlias):
    return True
[32mPASSED![0m
Time :  2.56 seconds

PASSED :  2 / 3
[36m[[[pandas-15941-1]]][0m
Filename :  /home/wonseok/benchmark/pandas-15941-1/pandas/types/common.py
[[[ Patch Node ]]]
if isinstance(arr_or_dtype, type(None)):
    return False
[32mPASSED![0m
Time :  11.01 seconds

[36m[[[pandas-15941-2]]][0m
Filename :  /home/wonseok/benchmark/pandas-15941-2/pandas/types/common.py
[[[ Patch Node ]]]
if isinstance(arr_or_dtype, type(None)):
    return False
[32mPASSED![0m
Time :  11.79 seconds

[36m[[[pandas-15941-3]]][0m
Filename :  /home/wonseok/benchmark/pandas-15941-3/pandas/types/common.py
[[[ Patch Node ]]]
if isinstance(arr_or_dtype, type(None)):
    return False
[32mPASSED![0m
Time :  11.99 seconds

[36m[[[pandas-17430]]][0m
None Type Casting Other Type
Type :  matplotlib.colors.LinearSegmentedColormap
None Type Casting Other Type
Type :  pandas.core.series.Series
None Type Casting Other Type
Type :  matplotlib.colors.LinearSegmentedColormap
None Type Casting Other Type
Type :  pandas.core.series.Series
[31mFAILED...[0m
Time :  2130.8 seconds

[36m[[[pandas-17609]]][0m
Filename :  /home/wonseok/benchmark/pandas-17609/pandas/util/_decorators.py
[32mPASSED![0m
Time :  2.75 seconds

[36m[[[pandas-18831-1]]][0m
[31mFAILED...[0m
Time :  1481.83 seconds

[36m[[[pandas-18831-2]]][0m
[31mFAILED...[0m
Time :  1884.36 seconds

[36m[[[pandas-18849]]][0m
[31mFAILED...[0m
Time :  308.91 seconds

[36m[[[pandas-19013-1]]][0m
[31mFAILED...[0m
Time :  162.11 seconds

[36m[[[pandas-19013-2]]][0m
Filename :  /home/wonseok/benchmark/pandas-19013-2/pandas/core/indexes/datetimelike.py
[[[ Patch Node ]]]
if isinstance(other, numpy.ndarray) and other.dtype == numpy.dtype('int64'):
    return self.shift(-other)
[32mPASSED![0m
Time :  18.53 seconds

[36m[[[pandas-19276]]][0m
Filename :  /home/wonseok/benchmark/pandas-19276/pandas/core/indexes/datetimes.py
[[[ Patch Node ]]]
if isinstance(other, pandas._libs.tslibs.nattype.NaTType):
    return None
[32mPASSED![0m
Time :  7.57 seconds

[36m[[[pandas-20938]]][0m
[31mFAILED...[0m
Time :  46.44 seconds

[36m[[[pandas-20968-1]]][0m
Filename :  /home/wonseok/benchmark/pandas-20968-1/pandas/plotting/_core.py
[[[ Patch Node ]]]
if isinstance(kwds, dict):
    break
[32mPASSED![0m
Time :  1885.26 seconds

[36m[[[pandas-20968-2]]][0m
Filename :  /home/wonseok/benchmark/pandas-20968-2/pandas/plotting/_core.py
[[[ Patch Node ]]]
if isinstance(kwds, dict):
    continue
[32mPASSED![0m
Time :  1900.7 seconds

[36m[[[pandas-21540]]][0m
Filename :  /home/wonseok/benchmark/pandas-21540/pandas/io/json/normalize.py
[32mPASSED![0m
Time :  79.62 seconds

[36m[[[pandas-21590-1]]][0m
Filename :  /home/wonseok/benchmark/pandas-21590-1/pandas/core/generic.py
[[[ Patch Node ]]]
if isinstance(values.dtype, numpy.dtype):
    arr = operator.neg(values)
else:
    raise TypeError('Unary negative expects numeric dtype, not {}'.format(values.dtype))
[32mPASSED![0m
Time :  102.7 seconds

[36m[[[pandas-21590-2]]][0m
Filename :  /home/wonseok/benchmark/pandas-21590-2/pandas/core/generic.py
[[[ Patch Node ]]]
if isinstance(values, numpy.ndarray) and values.dtype == numpy.dtype('object'):
    arr = operator.pos(values)
else:
    raise TypeError('Unary plus expects numeric dtype, not {}'.format(values.dtype))
[32mPASSED![0m
Time :  93.65 seconds

[36m[[[pandas-22072]]][0m
[31mFAILED...[0m
Time :  556.63 seconds

[36m[[[pandas-22198]]][0m
Filename :  /home/wonseok/benchmark/pandas-22198/pandas/core/arrays/datetimes.py
[[[ Patch Node ]]]
if isinstance(other, numpy.datetime64):
    return None
[32mPASSED![0m
Time :  14.96 seconds

[36m[[[pandas-22378]]][0m
Filename :  /home/wonseok/benchmark/pandas-22378/pandas/core/ops.py
[[[ Patch Node ]]]
if not isinstance(left, pandas.core.series.Series):
    return dispatch_to_extension_op(op, left, right)
[32mPASSED![0m
Time :  186.08 seconds

[36m[[[pandas-22804]]][0m
Filename :  /home/wonseok/benchmark/pandas-22804/pandas/io/json/normalize.py
[[[ Patch Node ]]]
if isinstance(data, dict):
    data = [data]
[32mPASSED![0m
Time :  128.08 seconds

[36m[[[pandas-24572]]][0m
None Type Casting Other Type
Type :  type
[31mFAILED...[0m
Time :  2624.98 seconds

[36m[[[pandas-25533]]][0m
Filename :  /home/wonseok/benchmark/pandas-25533/pandas/core/series.py
[32mPASSED![0m
Time :  251.56 seconds

[36m[[[pandas-25759]]][0m
[31mFAILED...[0m
Time :  1456.56 seconds

[36m[[[pandas-26324]]][0m
[31mFAILED...[0m
Time :  101.83 seconds

[36m[[[pandas-26765]]][0m
Filename :  /home/wonseok/benchmark/pandas-26765/pandas/core/arrays/categorical.py
[32mPASSED![0m
Time :  7.09 seconds

[36m[[[pandas-28251]]][0m
[31mFAILED...[0m
Time :  888.59 seconds

[36m[[[pandas-28412]]][0m
Filename :  /home/wonseok/benchmark/pandas-28412/pandas/core/series.py
[32mPASSED![0m
Time :  38.86 seconds

[36m[[[pandas-29103]]][0m
Filename :  /home/wonseok/benchmark/pandas-29103/pandas/core/dtypes/cast.py
[[[ Patch Node ]]]
if isinstance(result, numpy.ndarray) and result.dtype == numpy.dtype('object'):
    return result
[32mPASSED![0m
Time :  6.12 seconds

[36m[[[pandas-30225]]][0m
Filename :  /home/wonseok/benchmark/pandas-30225/pandas/core/dtypes/dtypes.py
[[[ Patch Node ]]]
if isinstance(string, list):
    return True
[32mPASSED![0m
Time :  35.54 seconds

[36m[[[pandas-30532]]][0m
[31mFAILED...[0m
Time :  372.13 seconds

[36m[[[pandas-31477]]][0m
Filename :  /home/wonseok/benchmark/pandas-31477/pandas/core/groupby/groupby.py
[32mPASSED![0m
Time :  488.01 seconds

[36m[[[pandas-31905]]][0m
[31mFAILED...[0m
Time :  1332.85 seconds

[36m[[[pandas-32223]]][0m
Filename :  /home/wonseok/benchmark/pandas-32223/pandas/core/groupby/generic.py
[32mPASSED![0m
Time :  1846.42 seconds

[36m[[[pandas-32953]]][0m
Filename :  /home/wonseok/benchmark/pandas-32953/pandas/core/reshape/concat.py
[[[ Patch Node ]]]
if issubclass(objs.__class__, collections.abc.Mapping):
    objs = dict(objs)
[32mPASSED![0m
Time :  9.72 seconds

[36m[[[pandas-33373]]][0m
Filename :  /home/wonseok/benchmark/pandas-33373/pandas/io/json/_json.py
[32mPASSED![0m
Time :  959.43 seconds

[36m[[[pandas-33663]]][0m
None Type Casting Other Type
Type :  pandas._libs.tslibs.period.Period
None Type Casting Other Type
Type :  pandas._libs.tslibs.period.Period
[31mFAILED...[0m
Time :  1782.96 seconds

[36m[[[pandas-34220]]][0m
[31mFAILED...[0m
Time :  1019.3 seconds

[36m[[[pandas-36950]]][0m
[31mFAILED...[0m
Time :  146.12 seconds

[36m[[[pandas-37096]]][0m
[33mERROR...[0m
  File "/home/wonseok/pyfix/my_tool/./test_main.py", line 183, in run
    works.work()
  File "/home/wonseok/pyfix/my_tool/work.py", line 263, in work
    self.patch_only_once(synthe)
  File "/home/wonseok/pyfix/my_tool/work.py", line 151, in patch_only_once
    for node in ast_list :
'NoneType' object is not iterable
Time :  14.01 seconds

[36m[[[pandas-37547]]][0m
[31mFAILED...[0m
Time :  17750.47 seconds

[36m[[[pandas-37736]]][0m
Function Entry Error
list index out of range
Function Entry Error
list index out of range
[31mFAILED...[0m
Time :  732.88 seconds

[36m[[[pandas-38220]]][0m
Function Entry Error
list index out of range
Function Entry Error
list index out of range
[31mFAILED...[0m
Time :  3365.51 seconds

[36m[[[pandas-38431]]][0m
Filename :  /home/wonseok/benchmark/pandas-38431/pandas/io/parsers.py
[[[ Patch Node ]]]
if isinstance(self.index_col, type(None)):
    return self.parse_dates
[32mPASSED![0m
Time :  55.62 seconds

[36m[[[pandas-39028-1]]][0m
[31mFAILED...[0m
Time :  577.47 seconds

[36m[[[pandas-39028-2]]][0m
[31mFAILED...[0m
Time :  633.88 seconds

[36m[[[pandas-39095]]][0m
Filename :  /home/wonseok/benchmark/pandas-39095/pandas/core/ops/common.py
[[[ Patch Node ]]]
if isinstance(self, pandas.core.arrays.datetimes.DatetimeArray):
    return True
[32mPASSED![0m
Time :  4379.43 seconds

[36m[[[pandas-40180]]][0m
[31mFAILED...[0m
Time :  0.21 seconds

[36m[[[pandas-41155]]][0m
[31mFAILED...[0m
Time :  1514.11 seconds

[36m[[[pandas-41406]]][0m
Filename :  /home/wonseok/benchmark/pandas-41406/pandas/core/frame.py
[[[ Patch Node ]]]
if issubclass(key.__class__, str):
    key = str(key)
[32mPASSED![0m
Time :  4.01 seconds

[36m[[[pandas-41915]]][0m
[31mFAILED...[0m
Time :  1021.81 seconds

PASSED :  26 / 51
[36m[[[rasa-8704]]][0m
[33mERROR...[0m
  File "/home/wonseok/pyfix/my_tool/./test_main.py", line 183, in run
    works.work()
  File "/home/wonseok/pyfix/my_tool/work.py", line 263, in work
    self.patch_only_once(synthe)
  File "/home/wonseok/pyfix/my_tool/work.py", line 94, in patch_only_once
    neg_file_node = self.files[neg_filename]
'/home/wonseok/benchmark/rasa-8704/tests/nlu/test_model.py'
Time :  0.0 seconds

PASSED :  0 / 1
[36m[[[requests-3179]]][0m
Filename :  /home/wonseok/benchmark/requests-3179/requests/models.py
[[[ Patch Node ]]]
if not isinstance(self, requests.models.Response):
    if not self.encoding and len(self.content) > 3:
        encoding = guess_json_utf(self.content)
        if encoding is not None:
            try:
                return complexjson.loads(self.content.decode(encoding), **kwargs)
            except UnicodeDecodeError:
                pass
[32mPASSED![0m
Time :  46.58 seconds

[36m[[[requests-3368]]][0m
Filename :  /home/wonseok/benchmark/requests-3368/requests/models.py
[[[ Patch Node ]]]
if not isinstance(chunk_size, type(None)):
    raise TypeError('chunk_size must be an int, it is instead a %s.' % type(chunk_size))
[32mPASSED![0m
Time :  32.49 seconds

[36m[[[requests-3390]]][0m
None Type Casting Other Type
Type :  requests.auth.HTTPDigestAuth
[31mFAILED...[0m
Time :  937.75 seconds

[36m[[[requests-4723]]][0m
Filename :  /home/wonseok/benchmark/requests-4723/requests/utils.py
[[[ Patch Node ]]]
if isinstance(parsed.hostname, type(None)):
    return True
[32mPASSED![0m
Time :  16.07 seconds

PASSED :  3 / 4
[36m[[[rich-919]]][0m
[31mFAILED...[0m
Time :  598.07 seconds

PASSED :  0 / 1
[36m[[[salt-33908]]][0m
Filename :  /home/wonseok/benchmark/salt-33908/salt/utils/__init__.py
[32mPASSED![0m
Time :  8.8 seconds

[36m[[[salt-38947]]][0m
[31mFAILED...[0m
Time :  27.19 seconds

[36m[[[salt-50958]]][0m
[31mFAILED...[0m
Time :  0.01 seconds

[36m[[[salt-52624]]][0m
[33mERROR...[0m
  File "/home/wonseok/pyfix/my_tool/./test_main.py", line 183, in run
    works.work()
  File "/home/wonseok/pyfix/my_tool/work.py", line 263, in work
    self.patch_only_once(synthe)
  File "/home/wonseok/pyfix/my_tool/work.py", line 144, in patch_only_once
    target_typ = neg_args[target_arg]
"self.opts['batch']"
Time :  5.85 seconds

[36m[[[salt-52710]]][0m
[31mFAILED...[0m
Time :  0.01 seconds

[36m[[[salt-53394]]][0m
[31mFAILED...[0m
Time :  3315.64 seconds

[36m[[[salt-54240]]][0m
[31mFAILED...[0m
Time :  115.28 seconds

[36m[[[salt-54785]]][0m
[31mFAILED...[0m
Time :  352.89 seconds

[36m[[[salt-56094]]][0m
[33mERROR...[0m
  File "/home/wonseok/pyfix/my_tool/./test_main.py", line 183, in run
    works.work()
  File "/home/wonseok/pyfix/my_tool/work.py", line 263, in work
    self.patch_only_once(synthe)
  File "/home/wonseok/pyfix/my_tool/work.py", line 94, in patch_only_once
    neg_file_node = self.files[neg_filename]
'/home/wonseok/benchmark/salt-56094/tests/unit/test_ext.py'
Time :  0.01 seconds

[36m[[[salt-56381]]][0m
[33mERROR...[0m
  File "/home/wonseok/pyfix/my_tool/./test_main.py", line 183, in run
    works.work()
  File "/home/wonseok/pyfix/my_tool/work.py", line 263, in work
    self.patch_only_once(synthe)
  File "/home/wonseok/pyfix/my_tool/work.py", line 144, in patch_only_once
    target_typ = neg_args[target_arg]
"ret['comment']"
Time :  9.16 seconds

PASSED :  1 / 10
[36m[[[sanic-1334]]][0m
Filename :  /home/wonseok/benchmark/sanic-1334/sanic/blueprints.py
[[[ Patch Node ]]]
if isinstance(bp.url_prefix, type(None)):
    bp.url_prefix = ''
[32mPASSED![0m
Time :  3.42 seconds

[36m[[[sanic-2008-1]]][0m
[31mFAILED...[0m
Time :  79.0 seconds

[36m[[[sanic-2008-2]]][0m
Filename :  /home/wonseok/benchmark/sanic-2008-2/sanic/static.py
[[[ Patch Node ]]]
if isinstance(file_or_directory, bytes):
    file_or_directory = str(file_or_directory, 'utf-8')
[32mPASSED![0m
Time :  19.11 seconds

[36m[[[sanic-2008-3]]][0m
Filename :  /home/wonseok/benchmark/sanic-2008-3/sanic/static.py
[[[ Patch Node ]]]
if isinstance(file_or_directory, pathlib.PosixPath):
    file_or_directory = str(file_or_directory)
[32mPASSED![0m
Time :  19.46 seconds

PASSED :  3 / 4
[36m[[[scikitlearn-7064]]][0m
Filename :  /home/wonseok/benchmark/scikitlearn-7064/sklearn/svm/base.py
[[[ Patch Node ]]]
if isinstance(kernel, bytes):
    return False
[32mPASSED![0m
Time :  5.68 seconds

[36m[[[scikitlearn-7259]]][0m
[31mFAILED...[0m
Time :  482.54 seconds

[36m[[[scikitlearn-8973]]][0m
[31mFAILED...[0m
Time :  1748.97 seconds

[36m[[[scikitlearn-12603]]][0m
[33mERROR...[0m
  File "/home/wonseok/pyfix/my_tool/./test_main.py", line 183, in run
    works.work()
  File "/home/wonseok/pyfix/my_tool/work.py", line 263, in work
    self.patch_only_once(synthe)
  File "/home/wonseok/pyfix/my_tool/work.py", line 94, in patch_only_once
    neg_file_node = self.files[neg_filename]
'/home/wonseok/benchmark/scikitlearn-12603/sklearn/utils/testing.py'
Time :  461.4 seconds

[36m[[[scikitlearn-17233]]][0m
Function Entry Error
list index out of range
Function Entry Error
list index out of range
Function Entry Error
list index out of range
Function Entry Error
list index out of range
Function Entry Error
list index out of range
Function Entry Error
list index out of range
Function Entry Error
list index out of range
Function Entry Error
list index out of range
Function Entry Error
list index out of range
Function Entry Error
list index out of range
Function Entry Error
list index out of range
Function Entry Error
list index out of range
[31mFAILED...[0m
Time :  702.13 seconds

PASSED :  1 / 5
[36m[[[tornado-1689]]][0m
[31mFAILED...[0m
Time :  471.19 seconds

PASSED :  0 / 1
[36m[[[transformers-8052]]][0m
[33mERROR...[0m
  File "/home/wonseok/pyfix/my_tool/./test_main.py", line 183, in run
    works.work()
  File "/home/wonseok/pyfix/my_tool/work.py", line 263, in work
    self.patch_only_once(synthe)
  File "/home/wonseok/pyfix/my_tool/work.py", line 144, in patch_only_once
    target_typ = neg_args[target_arg]
'self.callback_list'
Time :  4.86 seconds

PASSED :  0 / 1
[36m[[[Zappa-388]]][0m
None Type Casting Other Type
Type :  unicode
Filename :  /home/wonseok/benchmark/Zappa-388/zappa/wsgi.py
[[[ Patch Node ]]]
if isinstance(body, type(None)):
    body = unicode()
[32mPASSED![0m
Time :  152.54 seconds

[36m[[[Zappa-1434]]][0m
[33mERROR...[0m
  File "/home/wonseok/pyfix/my_tool/./test_main.py", line 183, in run
    works.work()
  File "/home/wonseok/pyfix/my_tool/work.py", line 263, in work
    self.patch_only_once(synthe)
  File "/home/wonseok/pyfix/my_tool/work.py", line 144, in patch_only_once
    target_typ = neg_args[target_arg]
'self.domain'
Time :  0.92 seconds

PASSED :  1 / 2
Total :  47 / 103
