airflow has 10 projects
[36m[[[airflow-3831]]][0m
???
[31mFAILED...[0m
Time :  30.27 seconds

[36m[[[airflow-4674]]][0m
[31mFAILED...[0m
Time :  0.01 seconds

[36m[[[airflow-5686]]][0m
Filename :  /home/wonseok/benchmark/airflow-5686/airflow/hooks/http_hook.py
[[[ Patch Node ]]]
if isinstance(conn.host, type(None)):
    conn.host = ''
[32mPASSED![0m
Time :  29.71 seconds

[36m[[[airflow-5955]]][0m
[31mFAILED...[0m
Time :  0.0 seconds

[36m[[[airflow-6036]]][0m
Filename :  /home/wonseok/benchmark/airflow-6036/airflow/gcp/hooks/dataflow.py
[[[ Patch Node ]]]
if isinstance(self._jobs, dict):
    self._jobs = [self._jobs]
[32mPASSED![0m
Time :  32.43 seconds

[36m[[[airflow-8151]]][0m
[33mERROR...[0m
  File "/home/wonseok/pyfix/my_tool/./test_main.py", line 170, in run
    works.work()
  File "/home/wonseok/pyfix/my_tool/work.py", line 194, in work
    self.patch_only_once(synthe)
  File "/home/wonseok/pyfix/my_tool/work.py", line 77, in patch_only_once
    var_score = error_analysis.extract_score(error_stmt)
  File "/home/wonseok/pyfix/my_tool/type_analysis/error_analysis.py", line 302, in extract_score
    self.visit(node)
  File "/home/wonseok/.pyenv/versions/3.9.1/lib/python3.9/ast.py", line 407, in visit
    return visitor(node)
  File "/home/wonseok/.pyenv/versions/3.9.1/lib/python3.9/ast.py", line 411, in generic_visit
    for field, value in iter_fields(node):
  File "/home/wonseok/.pyenv/versions/3.9.1/lib/python3.9/ast.py", line 249, in iter_fields
    for field in node._fields:
'NoneType' object has no attribute '_fields'
Time :  3.94 seconds

[36m[[[airflow-12094]]][0m
[31mFAILED...[0m
Time :  0.01 seconds

[36m[[[airflow-14513]]][0m
???
Filename :  /home/wonseok/benchmark/airflow-14513/airflow/kubernetes/pod_launcher.py
[[[ Patch Node ]]]
if not isinstance(last_log_time, type(None)):
    while True:
        logs = self.read_pod_logs(pod, timestamps=True, since_seconds=read_logs_since_sec)
        for line in logs:
            (timestamp, message) = self.parse_log_line(line.decode('utf-8'))
            last_log_time = pendulum.parse(timestamp)
            self.log.info(message)
        time.sleep(1)
        if not self.base_container_is_running(pod):
            break
        self.log.warning('Pod %s log read interrupted', pod.metadata.name)
        delta = pendulum.now() - last_log_time
        read_logs_since_sec = math.ceil(delta.total_seconds())
[32mPASSED![0m
Time :  35.9 seconds

[36m[[[airflow-14686]]][0m
Filename :  /home/wonseok/benchmark/airflow-14686/airflow/providers/elasticsearch/log/es_task_handler.py
[[[ Patch Node ]]]
if isinstance(offset, str):
    offset = int(offset)
[32mPASSED![0m
Time :  5.68 seconds

[36m[[[airflow-15395]]][0m
[31mFAILED...[0m
Time :  0.0 seconds

PASSED :  4 / 10
beets has 1 projects
[36m[[[beets-3360]]][0m
???
Filename :  /home/wonseok/benchmark/beets-3360/beetsplug/thumbnails.py
[[[ Patch Node ]]]
if not isinstance(path, bytes):
    return PurePosixPath(path).as_uri()
[32mPASSED![0m
Time :  1.46 seconds

PASSED :  1 / 1
click has 1 projects
[36m[[[click-1551]]][0m
???
[31mFAILED...[0m
Time :  10.7 seconds

PASSED :  0 / 1
core has 10 projects
[36m[[[core-1972]]][0m
???
[31mFAILED...[0m
Time :  246.56 seconds

[36m[[[core-8065]]][0m
[33mERROR...[0m
  File "/home/wonseok/pyfix/my_tool/./test_main.py", line 161, in run
    asts, files_src = ast.get_asts(DIRECTORY, project)
  File "/home/wonseok/pyfix/my_tool/synthesizer/my_ast.py", line 32, in get_asts
    asts, files_src = self.files_to_asts(dir, project)
  File "/home/wonseok/pyfix/my_tool/synthesizer/my_ast.py", line 25, in files_to_asts
    tmp = ast.parse(src)
  File "/home/wonseok/.pyenv/versions/3.9.1/lib/python3.9/ast.py", line 50, in parse
    return compile(source, filename, mode, flags,
invalid syntax (<unknown>, line 34)
Time :  246.59 seconds

[36m[[[core-20233]]][0m
Filename :  /home/wonseok/benchmark/core-20233/homeassistant/helpers/template.py
[[[ Patch Node ]]]
if isinstance(value, datetime.datetime):
    value = str(value)
[32mPASSED![0m
Time :  2.8 seconds

[36m[[[core-21734]]][0m
???
[31mFAILED...[0m
Time :  136.51 seconds

[36m[[[core-29829]]][0m
???
Filename :  /home/wonseok/benchmark/core-29829/homeassistant/components/input_text/__init__.py
[[[ Patch Node ]]]
if isinstance(self._maximum, type(None)):
    self._current_value = value
elif value is not None and self._minimum <= len(value) <= self._maximum:
    self._current_value = value
[32mPASSED![0m
Time :  394.37 seconds

[36m[[[core-32222]]][0m
Filename :  /home/wonseok/benchmark/core-32222/homeassistant/components/unifi/device_tracker.py
[[[ Patch Node ]]]
if isinstance(self.client.last_seen, type(None)):
    return False
[32mPASSED![0m
Time :  6.56 seconds

[36m[[[core-32318]]][0m
None Type Casting Other Type
Type :  homeassistant.core.Context
???
[31mFAILED...[0m
Time :  1045.4 seconds

[36m[[[core-38605]]][0m
[31mFAILED...[0m
Time :  0.01 seconds

[36m[[[core-40034-1]]][0m
???
Filename :  /home/wonseok/benchmark/core-40034-1/homeassistant/helpers/condition.py
[[[ Patch Node ]]]
if isinstance(config, homeassistant.helpers.template.Template):
    continue
[32mPASSED![0m
Time :  58.92 seconds

[36m[[[core-40034-2]]][0m
???
Filename :  /home/wonseok/benchmark/core-40034-2/homeassistant/helpers/condition.py
[[[ Patch Node ]]]
if isinstance(config, homeassistant.helpers.template.Template):
    continue
[32mPASSED![0m
Time :  58.22 seconds

PASSED :  5 / 10
luigi has 3 projects
[36m[[[luigi-1836]]][0m
???
Filename :  /home/wonseok/benchmark/luigi-1836/luigi/contrib/pig.py
[[[ Patch Node ]]]
if not isinstance(temp_stdout, _io.BufferedRandom):
    with PigRunContext():
        while proc.poll() is None:
            ret = select.select(reads, [], [])
            for fd in ret[0]:
                if fd == proc.stderr.fileno():
                    line = proc.stderr.readline().decode('utf8')
                    err_lines.append(line)
                if fd == proc.stdout.fileno():
                    line = proc.stdout.readline().decode('utf8')
                    temp_stdout.write(line)
            err_line = line.lower()
            if err_line.find('More information at:') != -1:
                logger.info(err_line.split('more information at: ')[-1].strip())
            if err_line.find(' - '):
                t = err_line.split(' - ')[-1].strip()
                if t != '':
                    logger.info(t)
[32mPASSED![0m
Time :  34.88 seconds

[36m[[[luigi-2168]]][0m
[31mFAILED...[0m
Time :  0.04 seconds

[36m[[[luigi-2323]]][0m
[31mFAILED...[0m
Time :  0.02 seconds

PASSED :  1 / 3
numpy has 4 projects
[36m[[[numpy-8200]]][0m
[33mERROR...[0m
  File "/home/wonseok/pyfix/my_tool/./test_main.py", line 170, in run
    works.work()
  File "/home/wonseok/pyfix/my_tool/work.py", line 194, in work
    self.patch_only_once(synthe)
  File "/home/wonseok/pyfix/my_tool/work.py", line 56, in patch_only_once
    neg_file_node = self.files[neg_filename]
'/home/wonseok/benchmark/numpy-8200/numpy/testing/utils.py'
Time :  0.04 seconds

[36m[[[numpy-9999]]][0m
[31mFAILED...[0m
Time :  0.0 seconds

[36m[[[numpy-10473]]][0m
Filename :  /home/wonseok/benchmark/numpy-10473/numpy/lib/polynomial.py
[[[ Patch Node ]]]
if isinstance(r, numpy.ndarray) and r.dtype == numpy.dtype('float64'):
    r = numpy.complex128(r)
[32mPASSED![0m
Time :  10.79 seconds

[36m[[[numpy-19094]]][0m
Filename :  /home/wonseok/benchmark/numpy-19094/numpy/typing/_generic_alias.py
[[[ Patch Node ]]]
if isinstance(i, typing._GenericAlias):
    return True
[32mPASSED![0m
Time :  2.6 seconds

PASSED :  2 / 4
pandas has 57 projects
[36m[[[pandas-15941-1]]][0m
???
Filename :  /home/wonseok/benchmark/pandas-15941-1/pandas/types/common.py
[[[ Patch Node ]]]
if isinstance(arr_or_dtype, type(None)):
    return False
[32mPASSED![0m
Time :  10.07 seconds

[36m[[[pandas-15941-2]]][0m
???
Filename :  /home/wonseok/benchmark/pandas-15941-2/pandas/types/common.py
[[[ Patch Node ]]]
if isinstance(arr_or_dtype, type(None)):
    return False
[32mPASSED![0m
Time :  10.32 seconds

[36m[[[pandas-15941-3]]][0m
???
Filename :  /home/wonseok/benchmark/pandas-15941-3/pandas/types/common.py
[[[ Patch Node ]]]
if isinstance(arr_or_dtype, type(None)):
    return False
[32mPASSED![0m
Time :  10.88 seconds

[36m[[[pandas-17430]]][0m
None Type Casting Other Type
Type :  matplotlib.colors.LinearSegmentedColormap
None Type Casting Other Type
Type :  pandas.core.series.Series
None Type Casting Other Type
Type :  matplotlib.colors.LinearSegmentedColormap
None Type Casting Other Type
Type :  pandas.core.series.Series
???
[31mFAILED...[0m
Time :  2206.76 seconds

[36m[[[pandas-17609]]][0m
Filename :  /home/wonseok/benchmark/pandas-17609/pandas/util/_decorators.py
[32mPASSED![0m
Time :  3.05 seconds

[36m[[[pandas-17779]]][0m
???
[31mFAILED...[0m
Time :  73.61 seconds

[36m[[[pandas-18831]]][0m
???
[31mFAILED...[0m
Time :  2342.51 seconds

[36m[[[pandas-18849]]][0m
???
[31mFAILED...[0m
Time :  319.06 seconds

[36m[[[pandas-19013-1]]][0m
???
[31mFAILED...[0m
Time :  187.1 seconds

[36m[[[pandas-19013-2]]][0m
???
Filename :  /home/wonseok/benchmark/pandas-19013-2/pandas/core/indexes/datetimelike.py
[[[ Patch Node ]]]
if isinstance(other, numpy.ndarray) and other.dtype == numpy.dtype('int64'):
    return self.shift(-other)
[32mPASSED![0m
Time :  19.23 seconds

[36m[[[pandas-19276]]][0m
Filename :  /home/wonseok/benchmark/pandas-19276/pandas/core/indexes/datetimes.py
[[[ Patch Node ]]]
if isinstance(other, pandas._libs.tslibs.nattype.NaTType):
    return None
[32mPASSED![0m
Time :  8.65 seconds

[36m[[[pandas-20938]]][0m
???
[31mFAILED...[0m
Time :  46.79 seconds

[36m[[[pandas-20968-1]]][0m
???
Filename :  /home/wonseok/benchmark/pandas-20968-1/pandas/plotting/_core.py
[[[ Patch Node ]]]
if not isinstance(kwds, dict):
    for ((key, group), ax) in zip(grouped, axes):
        d = group.boxplot(ax=ax, column=column, fontsize=fontsize, rot=rot, grid=grid, **kwds)
        ax.set_title(pprint_thing(key))
        ret.loc[key] = d
[32mPASSED![0m
Time :  2029.89 seconds

[36m[[[pandas-20968-2]]][0m
???
Filename :  /home/wonseok/benchmark/pandas-20968-2/pandas/plotting/_core.py
[[[ Patch Node ]]]
if not isinstance(kwds, dict):
    for ((key, group), ax) in zip(grouped, axes):
        d = group.boxplot(ax=ax, column=column, fontsize=fontsize, rot=rot, grid=grid, **kwds)
        ax.set_title(pprint_thing(key))
        ret.loc[key] = d
[32mPASSED![0m
Time :  2096.2 seconds

[36m[[[pandas-21540]]][0m
Filename :  /home/wonseok/benchmark/pandas-21540/pandas/io/json/normalize.py
[32mPASSED![0m
Time :  82.84 seconds

[36m[[[pandas-21590-1]]][0m
???
Filename :  /home/wonseok/benchmark/pandas-21590-1/pandas/core/generic.py
[[[ Patch Node ]]]
if isinstance(values, numpy.ndarray) and values.dtype == numpy.dtype('object'):
    arr = operator.neg(values)
else:
    raise TypeError('Unary negative expects numeric dtype, not {}'.format(values.dtype))
[32mPASSED![0m
Time :  95.64 seconds

[36m[[[pandas-21590-2]]][0m
???
Filename :  /home/wonseok/benchmark/pandas-21590-2/pandas/core/generic.py
[[[ Patch Node ]]]
if isinstance(values, numpy.ndarray) and values.dtype == numpy.dtype('object'):
    arr = operator.pos(values)
else:
    raise TypeError('Unary plus expects numeric dtype, not {}'.format(values.dtype))
[32mPASSED![0m
Time :  97.8 seconds

[36m[[[pandas-21987]]][0m
Not Found
[36m[[[pandas-22072]]][0m
???
[31mFAILED...[0m
Time :  564.79 seconds

[36m[[[pandas-22198]]][0m
Filename :  /home/wonseok/benchmark/pandas-22198/pandas/core/arrays/datetimes.py
[[[ Patch Node ]]]
if isinstance(other, numpy.datetime64):
    return None
[32mPASSED![0m
Time :  18.58 seconds

[36m[[[pandas-22378]]][0m
???
Filename :  /home/wonseok/benchmark/pandas-22378/pandas/core/ops.py
[[[ Patch Node ]]]
if not isinstance(right, str):
    return dispatch_to_extension_op(op, left, right)
[32mPASSED![0m
Time :  180.46 seconds

[36m[[[pandas-22804]]][0m
Filename :  /home/wonseok/benchmark/pandas-22804/pandas/io/json/normalize.py
[[[ Patch Node ]]]
if isinstance(data, dict):
    data = [data]
[32mPASSED![0m
Time :  129.15 seconds

[36m[[[pandas-22852-1]]][0m
Not Found
[36m[[[pandas-22852-2]]][0m
Not Found
[36m[[[pandas-24572]]][0m
[33mERROR...[0m
  File "/home/wonseok/pyfix/my_tool/./test_main.py", line 170, in run
    works.work()
  File "/home/wonseok/pyfix/my_tool/work.py", line 194, in work
    self.patch_only_once(synthe)
  File "/home/wonseok/pyfix/my_tool/work.py", line 77, in patch_only_once
    var_score = error_analysis.extract_score(error_stmt)
  File "/home/wonseok/pyfix/my_tool/type_analysis/error_analysis.py", line 302, in extract_score
    self.visit(node)
  File "/home/wonseok/.pyenv/versions/3.9.1/lib/python3.9/ast.py", line 407, in visit
    return visitor(node)
  File "/home/wonseok/pyfix/my_tool/type_analysis/error_analysis.py", line 122, in visit_Assign
    self.visit(node.value)
  File "/home/wonseok/.pyenv/versions/3.9.1/lib/python3.9/ast.py", line 407, in visit
    return visitor(node)
  File "/home/wonseok/pyfix/my_tool/type_analysis/error_analysis.py", line 173, in visit_BinOp
    left = self.visit(node.left)
  File "/home/wonseok/.pyenv/versions/3.9.1/lib/python3.9/ast.py", line 407, in visit
    return visitor(node)
  File "/home/wonseok/pyfix/my_tool/type_analysis/error_analysis.py", line 180, in visit_BinOp
    left.extend(right)
'NoneType' object is not iterable
Time :  0.76 seconds

[36m[[[pandas-25533]]][0m
Filename :  /home/wonseok/benchmark/pandas-25533/pandas/core/series.py
[32mPASSED![0m
Time :  223.11 seconds

[36m[[[pandas-25759]]][0m
???
[31mFAILED...[0m
Time :  1320.43 seconds

[36m[[[pandas-26324]]][0m
???
[31mFAILED...[0m
Time :  89.83 seconds

[36m[[[pandas-26765]]][0m
Filename :  /home/wonseok/benchmark/pandas-26765/pandas/core/arrays/categorical.py
[32mPASSED![0m
Time :  7.09 seconds

[36m[[[pandas-28251]]][0m
???
[31mFAILED...[0m
Time :  758.63 seconds

[36m[[[pandas-28412]]][0m
[33mERROR...[0m
  File "/home/wonseok/pyfix/my_tool/./test_main.py", line 170, in run
    works.work()
  File "/home/wonseok/pyfix/my_tool/work.py", line 194, in work
    self.patch_only_once(synthe)
  File "/home/wonseok/pyfix/my_tool/work.py", line 77, in patch_only_once
    var_score = error_analysis.extract_score(error_stmt)
  File "/home/wonseok/pyfix/my_tool/type_analysis/error_analysis.py", line 302, in extract_score
    self.visit(node)
  File "/home/wonseok/.pyenv/versions/3.9.1/lib/python3.9/ast.py", line 407, in visit
    return visitor(node)
  File "/home/wonseok/pyfix/my_tool/type_analysis/error_analysis.py", line 122, in visit_Assign
    self.visit(node.value)
  File "/home/wonseok/.pyenv/versions/3.9.1/lib/python3.9/ast.py", line 407, in visit
    return visitor(node)
  File "/home/wonseok/pyfix/my_tool/type_analysis/error_analysis.py", line 180, in visit_BinOp
    left.extend(right)
'NoneType' object has no attribute 'extend'
Time :  33.6 seconds

[36m[[[pandas-29103]]][0m
Filename :  /home/wonseok/benchmark/pandas-29103/pandas/core/dtypes/cast.py
[[[ Patch Node ]]]
if isinstance(result, numpy.ndarray) and result.dtype == numpy.dtype('object'):
    return result
[32mPASSED![0m
Time :  5.61 seconds

[36m[[[pandas-30225]]][0m
???
Filename :  /home/wonseok/benchmark/pandas-30225/pandas/core/dtypes/dtypes.py
[[[ Patch Node ]]]
if isinstance(string, list):
    return True
[32mPASSED![0m
Time :  36.33 seconds

[36m[[[pandas-30532]]][0m
???
[31mFAILED...[0m
Time :  334.79 seconds

[36m[[[pandas-31477]]][0m
Filename :  /home/wonseok/benchmark/pandas-31477/pandas/core/groupby/groupby.py
[32mPASSED![0m
Time :  406.27 seconds

[36m[[[pandas-31905]]][0m
???
[31mFAILED...[0m
Time :  1360.82 seconds

[36m[[[pandas-32185]]][0m
[31mFAILED...[0m
Time :  0.06 seconds

[36m[[[pandas-32223]]][0m
[33mERROR...[0m
  File "/home/wonseok/pyfix/my_tool/./test_main.py", line 170, in run
    works.work()
  File "/home/wonseok/pyfix/my_tool/work.py", line 245, in work
    synthe.synthesize(node, neg_filename, neg_funcname, neg_classname, neg_args, self.pos_func_infos, None, None)
  File "/home/wonseok/pyfix/my_tool/synthesizer/synthesize.py", line 96, in synthesize
    temp_synthesize.template_synthesize(node)
  File "/home/wonseok/pyfix/my_tool/synthesizer/template_synthesizer.py", line 236, in template_synthesize
    complete_list = completer.get_complete_list(node)
  File "/home/wonseok/pyfix/my_tool/synthesizer/template_synthesizer.py", line 200, in get_complete_list
    self.visit(node)
  File "/home/wonseok/.pyenv/versions/3.9.1/lib/python3.9/ast.py", line 407, in visit
    return visitor(node)
  File "/home/wonseok/.pyenv/versions/3.9.1/lib/python3.9/ast.py", line 415, in generic_visit
    self.visit(item)
  File "/home/wonseok/.pyenv/versions/3.9.1/lib/python3.9/ast.py", line 407, in visit
    return visitor(node)
  File "/home/wonseok/.pyenv/versions/3.9.1/lib/python3.9/ast.py", line 415, in generic_visit
    self.visit(item)
  File "/home/wonseok/.pyenv/versions/3.9.1/lib/python3.9/ast.py", line 407, in visit
    return visitor(node)
  File "/home/wonseok/.pyenv/versions/3.9.1/lib/python3.9/ast.py", line 415, in generic_visit
    self.visit(item)
  File "/home/wonseok/.pyenv/versions/3.9.1/lib/python3.9/ast.py", line 407, in visit
    return visitor(node)
  File "/home/wonseok/.pyenv/versions/3.9.1/lib/python3.9/ast.py", line 417, in generic_visit
    self.visit(value)
  File "/home/wonseok/.pyenv/versions/3.9.1/lib/python3.9/ast.py", line 407, in visit
    return visitor(node)
  File "/home/wonseok/pyfix/my_tool/synthesizer/template_synthesizer.py", line 90, in visit_Constant
    self.synthesize_return()
  File "/home/wonseok/pyfix/my_tool/synthesizer/template_synthesizer.py", line 167, in synthesize_return
    return_list = self.extract_return_type()
  File "/home/wonseok/pyfix/my_tool/synthesizer/template_synthesizer.py", line 58, in extract_return_type
    infer_list = infer.get_return_typ_list(self.node)
  File "/home/wonseok/pyfix/my_tool/type_analysis/return_type_inference.py", line 39, in get_return_typ_list
    self.visit(target_func)
  File "/home/wonseok/.pyenv/versions/3.9.1/lib/python3.9/ast.py", line 407, in visit
    return visitor(node)
  File "/home/wonseok/.pyenv/versions/3.9.1/lib/python3.9/ast.py", line 411, in generic_visit
    for field, value in iter_fields(node):
  File "/home/wonseok/.pyenv/versions/3.9.1/lib/python3.9/ast.py", line 249, in iter_fields
    for field in node._fields:
'NoneType' object has no attribute '_fields'
Time :  113.41 seconds

[36m[[[pandas-32953]]][0m
Filename :  /home/wonseok/benchmark/pandas-32953/pandas/core/reshape/concat.py
[[[ Patch Node ]]]
if issubclass(objs.__class__, collections.abc.Mapping):
    objs = dict(objs)
[32mPASSED![0m
Time :  9.73 seconds

[36m[[[pandas-33373]]][0m
Function Entry Error
list index out of range
Function Entry Error
list index out of range
???
[31mFAILED...[0m
Time :  4770.61 seconds

[36m[[[pandas-33585]]][0m
???
[31mFAILED...[0m
Time :  615.43 seconds

[36m[[[pandas-33663]]][0m
None Type Casting Other Type
Type :  pandas._libs.tslibs.period.Period
None Type Casting Other Type
Type :  pandas._libs.tslibs.period.Period
???
[31mFAILED...[0m
Time :  2075.92 seconds

[36m[[[pandas-34220]]][0m
???
[31mFAILED...[0m
Time :  1078.64 seconds

[36m[[[pandas-36950]]][0m
???
[31mFAILED...[0m
Time :  178.17 seconds

[36m[[[pandas-37096]]][0m
Assign(targets=[Name(id='mapped', ctx=Store())], value=GeneratorExp(elt=Call(func=Name(id='_factorize_keys', ctx=Load()), args=[Subscript(value=Name(id='left_keys', ctx=Load()), slice=Name(id='n', ctx=Load()), ctx=Load()), Subscript(value=Name(id='right_keys', ctx=Load()), slice=Name(id='n', ctx=Load()), ctx=Load())], keywords=[keyword(arg='sort', value=Name(id='sort', ctx=Load())), keyword(arg='how', value=Name(id='how', ctx=Load()))]), generators=[comprehension(target=Name(id='n', ctx=Store()), iter=Call(func=Name(id='range', ctx=Load()), args=[Call(func=Name(id='len', ctx=Load()), args=[Name(id='left_keys', ctx=Load())], keywords=[])], keywords=[]), ifs=[], is_async=0)]))
[33mERROR...[0m
  File "/home/wonseok/pyfix/my_tool/./test_main.py", line 170, in run
    works.work()
  File "/home/wonseok/pyfix/my_tool/work.py", line 194, in work
    self.patch_only_once(synthe)
  File "/home/wonseok/pyfix/my_tool/work.py", line 100, in patch_only_once
    ast_list = make_template.get_ast_list(neg_funcname, error_stmt)
  File "/home/wonseok/pyfix/my_tool/template/template_to_ast.py", line 598, in get_ast_list
    final_list = self.check_which_template(funcname, error_stmt)
  File "/home/wonseok/pyfix/my_tool/template/template_to_ast.py", line 591, in check_which_template
    return self.find_error_comp_elt(self.origin, error_stmt)
  File "/home/wonseok/pyfix/my_tool/template/template_to_ast.py", line 544, in find_error_comp_elt
    self.mutate_list.append(self.add_isinstance_expr(candidate_node))
'MakeTemplate' object has no attribute 'mutate_list'
Time :  16.01 seconds

[36m[[[pandas-37547]]][0m
???
[31mFAILED...[0m
Time :  20309.16 seconds

[36m[[[pandas-37736]]][0m
Function Entry Error
list index out of range
Function Entry Error
list index out of range
???
[31mFAILED...[0m
Time :  899.83 seconds

[36m[[[pandas-38220]]][0m
Function Entry Error
list index out of range
Function Entry Error
list index out of range
???
[31mFAILED...[0m
Time :  3563.92 seconds

[36m[[[pandas-38431]]][0m
Filename :  /home/wonseok/benchmark/pandas-38431/pandas/io/parsers.py
[[[ Patch Node ]]]
if isinstance(self.index_col, type(None)):
    return True
[32mPASSED![0m
Time :  12.58 seconds

[36m[[[pandas-39028-1]]][0m
???
[31mFAILED...[0m
Time :  691.37 seconds

[36m[[[pandas-39028-2]]][0m
???
[31mFAILED...[0m
Time :  780.49 seconds

[36m[[[pandas-39095]]][0m
Filename :  /home/wonseok/benchmark/pandas-39095/pandas/core/ops/common.py
[[[ Patch Node ]]]
if isinstance(self, pandas.core.arrays.datetimes.DatetimeArray):
    return True
[32mPASSED![0m
Time :  5146.42 seconds

[36m[[[pandas-40180]]][0m
[31mFAILED...[0m
Time :  0.21 seconds

[36m[[[pandas-41010]]][0m
Attribute(
    value=Compare(
        left=Name(id='casted', ctx=Load()),
        ops=[
            Eq()],
        comparators=[
            Name(id='values', ctx=Load())]),
    attr='all',
    ctx=Load())
???
[31mFAILED...[0m
Time :  4095.65 seconds

[36m[[[pandas-41155]]][0m
???
[31mFAILED...[0m
Time :  1674.48 seconds

[36m[[[pandas-41406]]][0m
Filename :  /home/wonseok/benchmark/pandas-41406/pandas/core/frame.py
[[[ Patch Node ]]]
if issubclass(key.__class__, str):
    key = str(key)
[32mPASSED![0m
Time :  3.94 seconds

[36m[[[pandas-41915]]][0m
???
[31mFAILED...[0m
Time :  1113.99 seconds

PASSED :  23 / 57
rasa has 2 projects
[36m[[[rasa-3732]]][0m
Not Found
[36m[[[rasa-8704]]][0m
[31mFAILED...[0m
Time :  0.0 seconds

PASSED :  0 / 2
requests has 4 projects
[36m[[[requests-3179]]][0m
Filename :  /home/wonseok/benchmark/requests-3179/requests/models.py
[[[ Patch Node ]]]
if self.content and (not self.encoding and len(self.content) > 3):
    encoding = guess_json_utf(self.content)
    if encoding is not None:
        try:
            return complexjson.loads(self.content.decode(encoding), **kwargs)
        except UnicodeDecodeError:
            pass
[32mPASSED![0m
Time :  29.45 seconds

[36m[[[requests-3368]]][0m
???
Filename :  /home/wonseok/benchmark/requests-3368/requests/models.py
[[[ Patch Node ]]]
if not isinstance(chunk_size, type(None)):
    raise TypeError('chunk_size must be an int, it is instead a %s.' % type(chunk_size))
[32mPASSED![0m
Time :  28.8 seconds

[36m[[[requests-3390]]][0m
None Type Casting Other Type
Type :  requests.auth.HTTPDigestAuth
???
[31mFAILED...[0m
Time :  1092.72 seconds

[36m[[[requests-4723]]][0m
Filename :  /home/wonseok/benchmark/requests-4723/requests/utils.py
[[[ Patch Node ]]]
if isinstance(parsed.hostname, type(None)):
    return True
[32mPASSED![0m
Time :  27.19 seconds

PASSED :  3 / 4
rich has 1 projects
[36m[[[rich-919]]][0m
???
[31mFAILED...[0m
Time :  694.11 seconds

PASSED :  0 / 1
salt has 13 projects
[36m[[[salt-33908]]][0m
Filename :  /home/wonseok/benchmark/salt-33908/salt/utils/__init__.py
[32mPASSED![0m
Time :  8.12 seconds

[36m[[[salt-38947]]][0m
???
[31mFAILED...[0m
Time :  13.37 seconds

[36m[[[salt-40465]]][0m
[31mFAILED...[0m
Time :  0.01 seconds

[36m[[[salt-50958]]][0m
[31mFAILED...[0m
Time :  0.0 seconds

[36m[[[salt-52624]]][0m
Filename :  /home/wonseok/benchmark/salt-52624/salt/cli/batch.py
[32mPASSED![0m
Time :  4.13 seconds

[36m[[[salt-52710]]][0m
[31mFAILED...[0m
Time :  0.01 seconds

[36m[[[salt-52936]]][0m
Not Found
[36m[[[salt-52980]]][0m
Not Found
[36m[[[salt-53394]]][0m
???
Filename :  /home/wonseok/benchmark/salt-53394/salt/utils/http.py
[[[ Patch Node ]]]
if isinstance(pgctnt, type(None)):
    return True
[32mPASSED![0m
Time :  4.62 seconds

[36m[[[salt-54240]]][0m
???
[31mFAILED...[0m
Time :  150.86 seconds

[36m[[[salt-54785]]][0m
???
[31mFAILED...[0m
Time :  477.31 seconds

[36m[[[salt-56094]]][0m
[31mFAILED...[0m
Time :  0.0 seconds

[36m[[[salt-56381]]][0m
[('__constant__', 'str')]
[(<ast.Subscript object at 0x7f171a0c13a0>, 'typing.Any')]
???
[31mFAILED...[0m
Time :  2797.45 seconds

PASSED :  3 / 13
sanic has 4 projects
[36m[[[sanic-1334]]][0m
Filename :  /home/wonseok/benchmark/sanic-1334/sanic/blueprints.py
[[[ Patch Node ]]]
if isinstance(bp.url_prefix, type(None)):
    bp.url_prefix = ''
[32mPASSED![0m
Time :  20.82 seconds

[36m[[[sanic-2008-1]]][0m
???
[31mFAILED...[0m
Time :  78.15 seconds

[36m[[[sanic-2008-2]]][0m
Filename :  /home/wonseok/benchmark/sanic-2008-2/sanic/static.py
[[[ Patch Node ]]]
if isinstance(file_or_directory, bytes):
    file_or_directory = str(file_or_directory, 'utf-8')
[32mPASSED![0m
Time :  18.81 seconds

[36m[[[sanic-2008-3]]][0m
Filename :  /home/wonseok/benchmark/sanic-2008-3/sanic/static.py
[[[ Patch Node ]]]
if isinstance(file_or_directory, pathlib.PosixPath):
    file_or_directory = str(file_or_directory)
[32mPASSED![0m
Time :  19.43 seconds

PASSED :  3 / 4
scikitlearn has 5 projects
[36m[[[scikitlearn-7064]]][0m
Filename :  /home/wonseok/benchmark/scikitlearn-7064/sklearn/svm/base.py
[[[ Patch Node ]]]
if isinstance(kernel, bytes):
    kernel = str(kernel, 'utf-8')
[32mPASSED![0m
Time :  321.29 seconds

[36m[[[scikitlearn-7259]]][0m
???
[31mFAILED...[0m
Time :  492.95 seconds

[36m[[[scikitlearn-8973]]][0m
Filename :  /home/wonseok/benchmark/scikitlearn-8973/sklearn/linear_model/coordinate_descent.py
[[[ Patch Node ]]]
if isinstance(cv, sklearn.model_selection._split.StratifiedKFold):
    return True
[32mPASSED![0m
Time :  434.74 seconds

[36m[[[scikitlearn-12603]]][0m
[33mERROR...[0m
  File "/home/wonseok/pyfix/my_tool/./test_main.py", line 170, in run
    works.work()
  File "/home/wonseok/pyfix/my_tool/work.py", line 194, in work
    self.patch_only_once(synthe)
  File "/home/wonseok/pyfix/my_tool/work.py", line 56, in patch_only_once
    neg_file_node = self.files[neg_filename]
'/home/wonseok/benchmark/scikitlearn-12603/sklearn/utils/testing.py'
Time :  488.44 seconds

[36m[[[scikitlearn-17233]]][0m
Function Entry Error
list index out of range
Function Entry Error
list index out of range
Function Entry Error
list index out of range
Function Entry Error
list index out of range
Function Entry Error
list index out of range
Function Entry Error
list index out of range
Function Entry Error
list index out of range
Function Entry Error
list index out of range
Function Entry Error
list index out of range
Function Entry Error
list index out of range
Function Entry Error
list index out of range
Function Entry Error
list index out of range
???
[31mFAILED...[0m
Time :  752.2 seconds

PASSED :  2 / 5
tornado has 1 projects
[36m[[[tornado-1689]]][0m
???
[31mFAILED...[0m
Time :  482.42 seconds

PASSED :  0 / 1
transformers has 1 projects
[36m[[[transformers-8052]]][0m
[33mERROR...[0m
  File "/home/wonseok/pyfix/my_tool/./test_main.py", line 170, in run
    works.work()
  File "/home/wonseok/pyfix/my_tool/work.py", line 194, in work
    self.patch_only_once(synthe)
  File "/home/wonseok/pyfix/my_tool/work.py", line 77, in patch_only_once
    var_score = error_analysis.extract_score(error_stmt)
  File "/home/wonseok/pyfix/my_tool/type_analysis/error_analysis.py", line 302, in extract_score
    self.visit(node)
  File "/home/wonseok/.pyenv/versions/3.9.1/lib/python3.9/ast.py", line 407, in visit
    return visitor(node)
  File "/home/wonseok/.pyenv/versions/3.9.1/lib/python3.9/ast.py", line 417, in generic_visit
    self.visit(value)
  File "/home/wonseok/.pyenv/versions/3.9.1/lib/python3.9/ast.py", line 407, in visit
    return visitor(node)
  File "/home/wonseok/pyfix/my_tool/type_analysis/error_analysis.py", line 148, in visit_Call
    super().generic_visit(node)
  File "/home/wonseok/.pyenv/versions/3.9.1/lib/python3.9/ast.py", line 415, in generic_visit
    self.visit(item)
  File "/home/wonseok/.pyenv/versions/3.9.1/lib/python3.9/ast.py", line 407, in visit
    return visitor(node)
  File "/home/wonseok/pyfix/my_tool/type_analysis/error_analysis.py", line 173, in visit_BinOp
    left = self.visit(node.left)
  File "/home/wonseok/.pyenv/versions/3.9.1/lib/python3.9/ast.py", line 407, in visit
    return visitor(node)
  File "/home/wonseok/pyfix/my_tool/type_analysis/error_analysis.py", line 180, in visit_BinOp
    left.extend(right)
'NoneType' object has no attribute 'extend'
Time :  0.55 seconds

PASSED :  0 / 1
Total :  47 / 117
